<?xml version="1.0" encoding="UTF-8"?>
<coverage generated="1668359826325" clover="3.2.0">
  <project timestamp="1668359826325" name="All files">
    <metrics statements="288" coveredstatements="158" conditionals="163" coveredconditionals="81" methods="93" coveredmethods="43" elements="544" coveredelements="282" complexity="0" loc="288" ncloc="288" packages="5" files="17" classes="17">
      <package name="src">
        <metrics statements="17" coveredstatements="0" conditionals="4" coveredconditionals="0" methods="4" coveredmethods="0"/>
        <file name="App.js" path="/home/singo/Documents/Software-Design-Project/decoded-shopper/src/App.js">
          <metrics statements="1" coveredstatements="0" conditionals="0" coveredconditionals="0" methods="1" coveredmethods="0"/>
          <line num="21" count="0" type="stmt"/>
        </file>
        <file name="index.js" path="/home/singo/Documents/Software-Design-Project/decoded-shopper/src/index.js">
          <metrics statements="8" coveredstatements="0" conditionals="0" coveredconditionals="0" methods="0" coveredmethods="0"/>
          <line num="1" count="0" type="stmt"/>
          <line num="2" count="0" type="stmt"/>
          <line num="3" count="0" type="stmt"/>
          <line num="4" count="0" type="stmt"/>
          <line num="5" count="0" type="stmt"/>
          <line num="6" count="0" type="stmt"/>
          <line num="8" count="0" type="stmt"/>
          <line num="9" count="0" type="stmt"/>
        </file>
        <file name="reportWebVitals.js" path="/home/singo/Documents/Software-Design-Project/decoded-shopper/src/reportWebVitals.js">
          <metrics statements="8" coveredstatements="0" conditionals="4" coveredconditionals="0" methods="3" coveredmethods="0"/>
          <line num="1" count="0" type="stmt"/>
          <line num="2" count="0" type="cond" truecount="0" falsecount="4"/>
          <line num="3" count="0" type="stmt"/>
          <line num="4" count="0" type="stmt"/>
          <line num="5" count="0" type="stmt"/>
          <line num="6" count="0" type="stmt"/>
          <line num="7" count="0" type="stmt"/>
          <line num="8" count="0" type="stmt"/>
        </file>
        <file name="setupTests.js" path="/home/singo/Documents/Software-Design-Project/decoded-shopper/src/setupTests.js">
          <metrics statements="0" coveredstatements="0" conditionals="0" coveredconditionals="0" methods="0" coveredmethods="0"/>
        </file>
      </package>
      <package name="src.api">
        <metrics statements="1" coveredstatements="0" conditionals="0" coveredconditionals="0" methods="0" coveredmethods="0"/>
        <file name="axios.js" path="/home/singo/Documents/Software-Design-Project/decoded-shopper/src/api/axios.js">
          <metrics statements="1" coveredstatements="0" conditionals="0" coveredconditionals="0" methods="0" coveredmethods="0"/>
          <line num="1" count="0" type="stmt"/>
        </file>
      </package>
      <package name="src.components">
        <metrics statements="239" coveredstatements="131" conditionals="150" coveredconditionals="75" methods="77" coveredmethods="33"/>
        <file name="Footer.js" path="/home/singo/Documents/Software-Design-Project/decoded-shopper/src/components/Footer.js">
          <metrics statements="2" coveredstatements="2" conditionals="0" coveredconditionals="0" methods="1" coveredmethods="1"/>
          <line num="6" count="1" type="stmt"/>
          <line num="7" count="1" type="stmt"/>
        </file>
        <file name="Login.js" path="/home/singo/Documents/Software-Design-Project/decoded-shopper/src/components/Login.js">
          <metrics statements="34" coveredstatements="26" conditionals="19" coveredconditionals="11" methods="13" coveredmethods="6"/>
          <line num="8" count="1" type="stmt"/>
          <line num="9" count="31" type="stmt"/>
          <line num="11" count="31" type="stmt"/>
          <line num="12" count="31" type="stmt"/>
          <line num="14" count="31" type="stmt"/>
          <line num="16" count="31" type="stmt"/>
          <line num="17" count="31" type="stmt"/>
          <line num="19" count="31" type="stmt"/>
          <line num="20" count="31" type="stmt"/>
          <line num="21" count="31" type="stmt"/>
          <line num="23" count="31" type="stmt"/>
          <line num="24" count="31" type="stmt"/>
          <line num="25" count="31" type="stmt"/>
          <line num="27" count="31" type="stmt"/>
          <line num="28" count="31" type="stmt"/>
          <line num="30" count="31" type="stmt"/>
          <line num="31" count="1" type="stmt"/>
          <line num="34" count="31" type="stmt"/>
          <line num="35" count="16" type="stmt"/>
          <line num="37" count="31" type="stmt"/>
          <line num="38" count="1" type="stmt"/>
          <line num="41" count="31" type="stmt"/>
          <line num="42" count="16" type="stmt"/>
          <line num="45" count="31" type="stmt"/>
          <line num="46" count="0" type="stmt"/>
          <line num="48" count="0" type="stmt"/>
          <line num="49" count="0" type="stmt"/>
          <line num="54" count="31" type="stmt"/>
          <line num="79" count="15" type="stmt"/>
          <line num="84" count="0" type="stmt"/>
          <line num="85" count="0" type="stmt"/>
          <line num="105" count="0" type="stmt"/>
          <line num="110" count="0" type="stmt"/>
          <line num="111" count="0" type="stmt"/>
        </file>
        <file name="Navbar.js" path="/home/singo/Documents/Software-Design-Project/decoded-shopper/src/components/Navbar.js">
          <metrics statements="4" coveredstatements="4" conditionals="2" coveredconditionals="1" methods="2" coveredmethods="2"/>
          <line num="9" count="2" type="stmt"/>
          <line num="26" count="9" type="stmt"/>
          <line num="27" count="9" type="stmt"/>
          <line num="29" count="9" type="stmt"/>
        </file>
        <file name="ProductCard.js" path="/home/singo/Documents/Software-Design-Project/decoded-shopper/src/components/ProductCard.js">
          <metrics statements="15" coveredstatements="15" conditionals="4" coveredconditionals="2" methods="4" coveredmethods="4"/>
          <line num="12" count="3" type="stmt"/>
          <line num="20" count="3" type="stmt"/>
          <line num="22" count="12" type="stmt"/>
          <line num="23" count="12" type="stmt"/>
          <line num="24" count="12" type="stmt"/>
          <line num="25" count="12" type="stmt"/>
          <line num="26" count="12" type="stmt"/>
          <line num="28" count="12" type="stmt"/>
          <line num="29" count="12" type="stmt"/>
          <line num="32" count="12" type="stmt"/>
          <line num="34" count="4" type="stmt"/>
          <line num="42" count="12" type="stmt"/>
          <line num="43" count="4" type="stmt"/>
          <line num="71" count="12" type="stmt"/>
          <line num="99" count="4" type="stmt"/>
        </file>
        <file name="Products.js" path="/home/singo/Documents/Software-Design-Project/decoded-shopper/src/components/Products.js">
          <metrics statements="27" coveredstatements="13" conditionals="10" coveredconditionals="0" methods="9" coveredmethods="2"/>
          <line num="10" count="2" type="stmt"/>
          <line num="11" count="14" type="stmt"/>
          <line num="12" count="14" type="stmt"/>
          <line num="13" count="14" type="stmt"/>
          <line num="14" count="14" type="stmt"/>
          <line num="16" count="14" type="stmt"/>
          <line num="22" count="14" type="stmt"/>
          <line num="24" count="14" type="stmt"/>
          <line num="33" count="14" type="stmt"/>
          <line num="35" count="7" type="stmt"/>
          <line num="46" count="7" type="stmt"/>
          <line num="47" count="0" type="stmt"/>
          <line num="49" count="7" type="stmt"/>
          <line num="51" count="14" type="stmt"/>
          <line num="72" count="0" type="stmt"/>
          <line num="86" count="0" type="cond" truecount="0" falsecount="2"/>
          <line num="87" count="0" type="stmt"/>
          <line num="92" count="0" type="stmt"/>
          <line num="109" count="0" type="cond" truecount="0" falsecount="2"/>
          <line num="110" count="0" type="stmt"/>
          <line num="111" count="0" type="cond" truecount="0" falsecount="2"/>
          <line num="112" count="0" type="stmt"/>
          <line num="117" count="0" type="cond" truecount="0" falsecount="2"/>
          <line num="118" count="0" type="stmt"/>
          <line num="119" count="0" type="cond" truecount="0" falsecount="2"/>
          <line num="122" count="0" type="stmt"/>
          <line num="126" count="0" type="stmt"/>
        </file>
        <file name="ProfilePage.js" path="/home/singo/Documents/Software-Design-Project/decoded-shopper/src/components/ProfilePage.js">
          <metrics statements="14" coveredstatements="6" conditionals="6" coveredconditionals="1" methods="4" coveredmethods="1"/>
          <line num="9" count="1" type="stmt"/>
          <line num="10" count="1" type="stmt"/>
          <line num="11" count="1" type="stmt"/>
          <line num="12" count="1" type="stmt"/>
          <line num="14" count="1" type="cond" truecount="1" falsecount="1"/>
          <line num="15" count="1" type="stmt"/>
          <line num="18" count="0" type="cond" truecount="0" falsecount="2"/>
          <line num="19" count="0" type="stmt"/>
          <line num="20" count="0" type="stmt"/>
          <line num="21" count="0" type="stmt"/>
          <line num="24" count="0" type="stmt"/>
          <line num="27" count="0" type="stmt"/>
          <line num="47" count="0" type="stmt"/>
          <line num="48" count="0" type="stmt"/>
        </file>
        <file name="Register.js" path="/home/singo/Documents/Software-Design-Project/decoded-shopper/src/components/Register.js">
          <metrics statements="77" coveredstatements="49" conditionals="99" coveredconditionals="56" methods="27" coveredmethods="11"/>
          <line num="13" count="1" type="stmt"/>
          <line num="14" count="1" type="stmt"/>
          <line num="15" count="1" type="stmt"/>
          <line num="17" count="1" type="stmt"/>
          <line num="18" count="1" type="stmt"/>
          <line num="20" count="1" type="stmt"/>
          <line num="21" count="70" type="stmt"/>
          <line num="22" count="70" type="stmt"/>
          <line num="23" count="70" type="stmt"/>
          <line num="25" count="70" type="stmt"/>
          <line num="26" count="70" type="stmt"/>
          <line num="27" count="70" type="stmt"/>
          <line num="29" count="70" type="stmt"/>
          <line num="30" count="70" type="stmt"/>
          <line num="31" count="70" type="stmt"/>
          <line num="33" count="70" type="stmt"/>
          <line num="34" count="70" type="stmt"/>
          <line num="35" count="70" type="stmt"/>
          <line num="37" count="70" type="stmt"/>
          <line num="38" count="70" type="stmt"/>
          <line num="39" count="70" type="stmt"/>
          <line num="41" count="70" type="stmt"/>
          <line num="42" count="70" type="stmt"/>
          <line num="43" count="70" type="stmt"/>
          <line num="45" count="70" type="stmt"/>
          <line num="46" count="70" type="stmt"/>
          <line num="47" count="70" type="stmt"/>
          <line num="49" count="70" type="stmt"/>
          <line num="50" count="70" type="stmt"/>
          <line num="53" count="70" type="stmt"/>
          <line num="54" count="4" type="stmt"/>
          <line num="58" count="70" type="stmt"/>
          <line num="59" count="9" type="stmt"/>
          <line num="63" count="70" type="stmt"/>
          <line num="64" count="4" type="stmt"/>
          <line num="65" count="4" type="stmt"/>
          <line num="69" count="70" type="stmt"/>
          <line num="70" count="20" type="stmt"/>
          <line num="74" count="70" type="stmt"/>
          <line num="75" count="14" type="stmt"/>
          <line num="79" count="70" type="stmt"/>
          <line num="80" count="4" type="stmt"/>
          <line num="84" count="70" type="stmt"/>
          <line num="85" count="35" type="stmt"/>
          <line num="88" count="70" type="stmt"/>
          <line num="89" count="0" type="stmt"/>
          <line num="91" count="0" type="stmt"/>
          <line num="92" count="0" type="stmt"/>
          <line num="94" count="0" type="stmt"/>
          <line num="95" count="0" type="stmt"/>
          <line num="97" count="0" type="stmt"/>
          <line num="99" count="0" type="cond" truecount="0" falsecount="7"/>
          <line num="100" count="0" type="stmt"/>
          <line num="101" count="0" type="stmt"/>
          <line num="104" count="0" type="stmt"/>
          <line num="107" count="0" type="cond" truecount="0" falsecount="2"/>
          <line num="108" count="0" type="stmt"/>
          <line num="112" count="0" type="stmt"/>
          <line num="117" count="70" type="stmt"/>
          <line num="154" count="5" type="stmt"/>
          <line num="159" count="0" type="stmt"/>
          <line num="160" count="0" type="stmt"/>
          <line num="191" count="16" type="stmt"/>
          <line num="196" count="0" type="stmt"/>
          <line num="197" count="0" type="stmt"/>
          <line num="229" count="10" type="stmt"/>
          <line num="234" count="0" type="stmt"/>
          <line num="235" count="0" type="stmt"/>
          <line num="269" count="0" type="stmt"/>
          <line num="274" count="0" type="stmt"/>
          <line num="275" count="0" type="stmt"/>
          <line num="306" count="0" type="stmt"/>
          <line num="311" count="0" type="stmt"/>
          <line num="312" count="0" type="stmt"/>
          <line num="348" count="0" type="stmt"/>
          <line num="353" count="0" type="stmt"/>
          <line num="354" count="0" type="stmt"/>
        </file>
        <file name="WishList.js" path="/home/singo/Documents/Software-Design-Project/decoded-shopper/src/components/WishList.js">
          <metrics statements="11" coveredstatements="11" conditionals="6" coveredconditionals="4" methods="6" coveredmethods="6"/>
          <line num="10" count="3" type="stmt"/>
          <line num="19" count="14" type="stmt"/>
          <line num="20" count="14" type="stmt"/>
          <line num="26" count="14" type="stmt"/>
          <line num="37" count="14" type="stmt"/>
          <line num="38" count="2" type="stmt"/>
          <line num="56" count="14" type="stmt"/>
          <line num="70" count="4" type="stmt"/>
          <line num="88" count="1" type="stmt"/>
          <line num="104" count="1" type="stmt"/>
          <line num="105" count="1" type="stmt"/>
        </file>
        <file name="init-firebase.js" path="/home/singo/Documents/Software-Design-Project/decoded-shopper/src/components/init-firebase.js">
          <metrics statements="55" coveredstatements="5" conditionals="4" coveredconditionals="0" methods="11" coveredmethods="0"/>
          <line num="21" count="3" type="stmt"/>
          <line num="33" count="3" type="stmt"/>
          <line num="36" count="3" type="stmt"/>
          <line num="38" count="3" type="stmt"/>
          <line num="46" count="0" type="stmt"/>
          <line num="59" count="0" type="stmt"/>
          <line num="60" count="0" type="stmt"/>
          <line num="62" count="0" type="stmt"/>
          <line num="63" count="0" type="stmt"/>
          <line num="64" count="0" type="stmt"/>
          <line num="65" count="0" type="stmt"/>
          <line num="68" count="0" type="stmt"/>
          <line num="69" count="0" type="stmt"/>
          <line num="72" count="0" type="stmt"/>
          <line num="73" count="0" type="cond" truecount="0" falsecount="2"/>
          <line num="74" count="0" type="stmt"/>
          <line num="75" count="0" type="stmt"/>
          <line num="79" count="0" type="stmt"/>
          <line num="82" count="0" type="stmt"/>
          <line num="83" count="0" type="stmt"/>
          <line num="86" count="0" type="stmt"/>
          <line num="90" count="3" type="stmt"/>
          <line num="93" count="0" type="stmt"/>
          <line num="94" count="0" type="stmt"/>
          <line num="95" count="0" type="stmt"/>
          <line num="96" count="0" type="stmt"/>
          <line num="97" count="0" type="stmt"/>
          <line num="100" count="0" type="stmt"/>
          <line num="101" count="0" type="stmt"/>
          <line num="102" count="0" type="stmt"/>
          <line num="105" count="0" type="stmt"/>
          <line num="110" count="0" type="stmt"/>
          <line num="111" count="0" type="stmt"/>
          <line num="117" count="0" type="stmt"/>
          <line num="118" count="0" type="stmt"/>
          <line num="119" count="0" type="stmt"/>
          <line num="120" count="0" type="stmt"/>
          <line num="122" count="0" type="stmt"/>
          <line num="123" count="0" type="cond" truecount="0" falsecount="2"/>
          <line num="124" count="0" type="stmt"/>
          <line num="126" count="0" type="stmt"/>
          <line num="130" count="0" type="stmt"/>
          <line num="135" count="0" type="stmt"/>
          <line num="136" count="0" type="stmt"/>
          <line num="141" count="0" type="stmt"/>
          <line num="142" count="0" type="stmt"/>
          <line num="143" count="0" type="stmt"/>
          <line num="145" count="0" type="stmt"/>
          <line num="146" count="0" type="stmt"/>
          <line num="149" count="0" type="stmt"/>
          <line num="150" count="0" type="stmt"/>
          <line num="152" count="0" type="stmt"/>
          <line num="155" count="0" type="stmt"/>
          <line num="156" count="0" type="stmt"/>
          <line num="157" count="0" type="stmt"/>
        </file>
      </package>
      <package name="src.components.states">
        <metrics statements="18" coveredstatements="17" conditionals="7" coveredconditionals="5" methods="6" coveredmethods="6"/>
        <file name="StateProvider.js" path="/home/singo/Documents/Software-Design-Project/decoded-shopper/src/components/states/StateProvider.js">
          <metrics statements="4" coveredstatements="4" conditionals="0" coveredconditionals="0" methods="2" coveredmethods="2"/>
          <line num="3" count="3" type="stmt"/>
          <line num="5" count="3" type="stmt"/>
          <line num="6" count="16" type="stmt"/>
          <line num="11" count="26" type="stmt"/>
        </file>
        <file name="reducer.js" path="/home/singo/Documents/Software-Design-Project/decoded-shopper/src/components/states/reducer.js">
          <metrics statements="14" coveredstatements="13" conditionals="7" coveredconditionals="5" methods="4" coveredmethods="4"/>
          <line num="1" count="3" type="stmt"/>
          <line num="5" count="3" type="stmt"/>
          <line num="6" count="14" type="cond" truecount="2" falsecount="0"/>
          <line num="7" count="4" type="stmt"/>
          <line num="10" count="3" type="stmt"/>
          <line num="11" count="6" type="cond" truecount="2" falsecount="1"/>
          <line num="13" count="4" type="stmt"/>
          <line num="19" count="2" type="stmt"/>
          <line num="20" count="2" type="stmt"/>
          <line num="22" count="2" type="stmt"/>
          <line num="23" count="2" type="cond" truecount="1" falsecount="1"/>
          <line num="24" count="2" type="stmt"/>
          <line num="26" count="2" type="stmt"/>
          <line num="28" count="0" type="stmt"/>
        </file>
      </package>
      <package name="src.context">
        <metrics statements="13" coveredstatements="10" conditionals="2" coveredconditionals="1" methods="6" coveredmethods="4"/>
        <file name="AuthProvider.js" path="/home/singo/Documents/Software-Design-Project/decoded-shopper/src/context/AuthProvider.js">
          <metrics statements="13" coveredstatements="10" conditionals="2" coveredconditionals="1" methods="6" coveredmethods="4"/>
          <line num="6" count="3" type="stmt"/>
          <line num="8" count="3" type="stmt"/>
          <line num="9" count="8" type="stmt"/>
          <line num="12" count="0" type="stmt"/>
          <line num="16" count="0" type="stmt"/>
          <line num="18" count="8" type="stmt"/>
          <line num="19" count="8" type="stmt"/>
          <line num="20" count="8" type="cond" truecount="1" falsecount="1"/>
          <line num="22" count="0" type="stmt"/>
          <line num="25" count="8" type="stmt"/>
          <line num="30" count="8" type="stmt"/>
          <line num="36" count="8" type="stmt"/>
          <line num="41" count="31" type="stmt"/>
        </file>
      </package>
    </metrics>
  </project>
</coverage>
