{"/home/singo/Documents/Software-Design-Project/decoded-shopper/src/App.js": {"path":"/home/singo/Documents/Software-Design-Project/decoded-shopper/src/App.js","statementMap":{"0":{"start":{"line":21,"column":2},"end":{"line":44,"column":4}}},"fnMap":{"0":{"name":"App","decl":{"start":{"line":20,"column":9},"end":{"line":20,"column":12}},"loc":{"start":{"line":20,"column":15},"end":{"line":45,"column":1}},"line":20}},"branchMap":{},"s":{"0":0},"f":{"0":0},"b":{},"_coverageSchema":"332fd63041d2c1bcb487cc26dd0d5f7d97098a6c","hash":"b71c927e70550cbc8f896ab2ce9b056ab2f6789f"}
,"/home/singo/Documents/Software-Design-Project/decoded-shopper/src/index.js": {"path":"/home/singo/Documents/Software-Design-Project/decoded-shopper/src/index.js","statementMap":{"0":{"start":{"line":1,"column":0},"end":{"line":null,"column":-1}},"1":{"start":{"line":2,"column":0},"end":{"line":null,"column":-1}},"2":{"start":{"line":3,"column":0},"end":{"line":null,"column":-1}},"3":{"start":{"line":4,"column":0},"end":{"line":null,"column":-1}},"4":{"start":{"line":5,"column":0},"end":{"line":null,"column":-1}},"5":{"start":{"line":6,"column":0},"end":{"line":null,"column":-1}},"6":{"start":{"line":8,"column":13},"end":{"line":8,"column":0}},"7":{"start":{"line":9,"column":0},"end":{"line":null,"column":-1}}},"fnMap":{},"branchMap":{},"s":{"0":0,"1":0,"2":0,"3":0,"4":0,"5":0,"6":0,"7":0},"f":{},"b":{}}
,"/home/singo/Documents/Software-Design-Project/decoded-shopper/src/reportWebVitals.js": {"path":"/home/singo/Documents/Software-Design-Project/decoded-shopper/src/reportWebVitals.js","statementMap":{"0":{"start":{"line":1,"column":24},"end":{"line":1,"column":0}},"1":{"start":{"line":2,"column":2},"end":{"line":10,"column":3}},"2":{"start":{"line":3,"column":4},"end":{"line":null,"column":-1}},"3":{"start":{"line":3,"column":4},"end":{"line":3,"column":24}},"4":{"start":{"line":4,"column":6},"end":{"line":null,"column":-1}},"5":{"start":{"line":5,"column":6},"end":{"line":null,"column":-1}},"6":{"start":{"line":6,"column":6},"end":{"line":null,"column":-1}},"7":{"start":{"line":7,"column":6},"end":{"line":null,"column":-1}},"8":{"start":{"line":8,"column":6},"end":{"line":null,"column":-1}}},"fnMap":{"0":{"name":"(anonymous_3)","decl":{"start":{"line":1,"column":24},"end":{"line":1,"column":34}},"loc":{"start":{"line":1,"column":39},"end":{"line":1,"column":0}}},"1":{"name":"(anonymous_4)","decl":{"start":{"line":3,"column":4},"end":{"line":3,"column":10}},"loc":{"start":{"line":3,"column":4},"end":{"line":3,"column":24}}},"2":{"name":"(anonymous_5)","decl":{"start":{"line":3,"column":30},"end":{"line":3,"column":31}},"loc":{"start":{"line":3,"column":79},"end":{"line":3,"column":4}}}},"branchMap":{"0":{"loc":{"start":{"line":2,"column":2},"end":{"line":10,"column":3}},"type":"if","locations":[{"start":{"line":2,"column":2},"end":{"line":10,"column":3}},{"start":{"line":2,"column":2},"end":{"line":10,"column":3}}]},"1":{"loc":{"start":{"line":2,"column":6},"end":{"line":2,"column":17}},"type":"binary-expr","locations":[{"start":{"line":2,"column":6},"end":{"line":2,"column":17}},{"start":{"line":2,"column":21},"end":{"line":2,"column":2}}]}},"s":{"0":0,"1":0,"2":0,"3":0,"4":0,"5":0,"6":0,"7":0,"8":0},"f":{"0":0,"1":0,"2":0},"b":{"0":[0,0],"1":[0,0]}}
,"/home/singo/Documents/Software-Design-Project/decoded-shopper/src/setupTests.js": {"path":"/home/singo/Documents/Software-Design-Project/decoded-shopper/src/setupTests.js","statementMap":{},"fnMap":{},"branchMap":{},"s":{},"f":{},"b":{},"_coverageSchema":"332fd63041d2c1bcb487cc26dd0d5f7d97098a6c","hash":"9cd8c9a8568d47c52232b554419d3573b699fba5"}
,"/home/singo/Documents/Software-Design-Project/decoded-shopper/src/api/axios.js": {"path":"/home/singo/Documents/Software-Design-Project/decoded-shopper/src/api/axios.js","statementMap":{"0":{"start":{"line":1,"column":0},"end":{"line":null,"column":-1}}},"fnMap":{},"branchMap":{},"s":{"0":0},"f":{},"b":{}}
,"/home/singo/Documents/Software-Design-Project/decoded-shopper/src/components/Footer.js": {"path":"/home/singo/Documents/Software-Design-Project/decoded-shopper/src/components/Footer.js","statementMap":{"0":{"start":{"line":6,"column":15},"end":{"line":12,"column":1}},"1":{"start":{"line":7,"column":2},"end":{"line":11,"column":4}}},"fnMap":{"0":{"name":"(anonymous_0)","decl":{"start":{"line":6,"column":15},"end":{"line":6,"column":16}},"loc":{"start":{"line":6,"column":21},"end":{"line":12,"column":1}},"line":6}},"branchMap":{},"s":{"0":1,"1":1},"f":{"0":1},"b":{},"_coverageSchema":"332fd63041d2c1bcb487cc26dd0d5f7d97098a6c","hash":"1d77a79d710c4e92b451389aa0c0f5d2a52c69c2"}
,"/home/singo/Documents/Software-Design-Project/decoded-shopper/src/components/Login.js": {"path":"/home/singo/Documents/Software-Design-Project/decoded-shopper/src/components/Login.js","statementMap":{"0":{"start":{"line":8,"column":14},"end":{"line":152,"column":1}},"1":{"start":{"line":9,"column":20},"end":{"line":9,"column":36}},"2":{"start":{"line":11,"column":18},"end":{"line":11,"column":26}},"3":{"start":{"line":12,"column":17},"end":{"line":12,"column":25}},"4":{"start":{"line":14,"column":19},"end":{"line":14,"column":32}},"5":{"start":{"line":16,"column":22},"end":{"line":16,"column":92}},"6":{"start":{"line":17,"column":20},"end":{"line":17,"column":77}},"7":{"start":{"line":19,"column":28},"end":{"line":19,"column":40}},"8":{"start":{"line":20,"column":38},"end":{"line":20,"column":53}},"9":{"start":{"line":21,"column":38},"end":{"line":21,"column":53}},"10":{"start":{"line":23,"column":24},"end":{"line":23,"column":36}},"11":{"start":{"line":24,"column":34},"end":{"line":24,"column":49}},"12":{"start":{"line":25,"column":34},"end":{"line":25,"column":49}},"13":{"start":{"line":27,"column":30},"end":{"line":27,"column":42}},"14":{"start":{"line":28,"column":32},"end":{"line":28,"column":47}},"15":{"start":{"line":30,"column":2},"end":{"line":32,"column":9}},"16":{"start":{"line":31,"column":4},"end":{"line":31,"column":28}},"17":{"start":{"line":34,"column":2},"end":{"line":36,"column":19}},"18":{"start":{"line":35,"column":4},"end":{"line":35,"column":18}},"19":{"start":{"line":37,"column":2},"end":{"line":39,"column":12}},"20":{"start":{"line":38,"column":4},"end":{"line":38,"column":37}},"21":{"start":{"line":41,"column":2},"end":{"line":43,"column":14}},"22":{"start":{"line":42,"column":4},"end":{"line":42,"column":43}},"23":{"start":{"line":45,"column":23},"end":{"line":52,"column":3}},"24":{"start":{"line":46,"column":4},"end":{"line":46,"column":23}},"25":{"start":{"line":48,"column":4},"end":{"line":51,"column":7}},"26":{"start":{"line":49,"column":6},"end":{"line":49,"column":47}},"27":{"start":{"line":54,"column":2},"end":{"line":151,"column":4}},"28":{"start":{"line":79,"column":31},"end":{"line":79,"column":55}},"29":{"start":{"line":84,"column":29},"end":{"line":84,"column":48}},"30":{"start":{"line":85,"column":28},"end":{"line":85,"column":48}},"31":{"start":{"line":105,"column":31},"end":{"line":105,"column":53}},"32":{"start":{"line":110,"column":29},"end":{"line":110,"column":46}},"33":{"start":{"line":111,"column":28},"end":{"line":111,"column":46}}},"fnMap":{"0":{"name":"(anonymous_0)","decl":{"start":{"line":8,"column":14},"end":{"line":8,"column":15}},"loc":{"start":{"line":8,"column":20},"end":{"line":152,"column":1}},"line":8},"1":{"name":"(anonymous_1)","decl":{"start":{"line":30,"column":12},"end":{"line":30,"column":13}},"loc":{"start":{"line":30,"column":18},"end":{"line":32,"column":3}},"line":30},"2":{"name":"(anonymous_2)","decl":{"start":{"line":34,"column":12},"end":{"line":34,"column":13}},"loc":{"start":{"line":34,"column":18},"end":{"line":36,"column":3}},"line":34},"3":{"name":"(anonymous_3)","decl":{"start":{"line":37,"column":12},"end":{"line":37,"column":13}},"loc":{"start":{"line":37,"column":18},"end":{"line":39,"column":3}},"line":37},"4":{"name":"(anonymous_4)","decl":{"start":{"line":41,"column":12},"end":{"line":41,"column":13}},"loc":{"start":{"line":41,"column":18},"end":{"line":43,"column":3}},"line":41},"5":{"name":"(anonymous_5)","decl":{"start":{"line":45,"column":23},"end":{"line":45,"column":24}},"loc":{"start":{"line":45,"column":36},"end":{"line":52,"column":3}},"line":45},"6":{"name":"(anonymous_6)","decl":{"start":{"line":48,"column":33},"end":{"line":48,"column":34}},"loc":{"start":{"line":48,"column":43},"end":{"line":51,"column":5}},"line":48},"7":{"name":"(anonymous_7)","decl":{"start":{"line":79,"column":24},"end":{"line":79,"column":25}},"loc":{"start":{"line":79,"column":31},"end":{"line":79,"column":55}},"line":79},"8":{"name":"(anonymous_8)","decl":{"start":{"line":84,"column":23},"end":{"line":84,"column":24}},"loc":{"start":{"line":84,"column":29},"end":{"line":84,"column":48}},"line":84},"9":{"name":"(anonymous_9)","decl":{"start":{"line":85,"column":22},"end":{"line":85,"column":23}},"loc":{"start":{"line":85,"column":28},"end":{"line":85,"column":48}},"line":85},"10":{"name":"(anonymous_10)","decl":{"start":{"line":105,"column":24},"end":{"line":105,"column":25}},"loc":{"start":{"line":105,"column":31},"end":{"line":105,"column":53}},"line":105},"11":{"name":"(anonymous_11)","decl":{"start":{"line":110,"column":23},"end":{"line":110,"column":24}},"loc":{"start":{"line":110,"column":29},"end":{"line":110,"column":46}},"line":110},"12":{"name":"(anonymous_12)","decl":{"start":{"line":111,"column":22},"end":{"line":111,"column":23}},"loc":{"start":{"line":111,"column":28},"end":{"line":111,"column":46}},"line":111}},"branchMap":{"0":{"loc":{"start":{"line":56,"column":7},"end":{"line":149,"column":7}},"type":"cond-expr","locations":[{"start":{"line":57,"column":8},"end":{"line":60,"column":18}},{"start":{"line":62,"column":8},"end":{"line":148,"column":18}}],"line":56},"1":{"loc":{"start":{"line":65,"column":23},"end":{"line":65,"column":54}},"type":"cond-expr","locations":[{"start":{"line":65,"column":32},"end":{"line":65,"column":40}},{"start":{"line":65,"column":43},"end":{"line":65,"column":54}}],"line":65},"2":{"loc":{"start":{"line":82,"column":28},"end":{"line":82,"column":57}},"type":"cond-expr","locations":[{"start":{"line":82,"column":41},"end":{"line":82,"column":48}},{"start":{"line":82,"column":51},"end":{"line":82,"column":57}}],"line":82},"3":{"loc":{"start":{"line":90,"column":16},"end":{"line":92,"column":31}},"type":"cond-expr","locations":[{"start":{"line":91,"column":20},"end":{"line":91,"column":34}},{"start":{"line":92,"column":20},"end":{"line":92,"column":31}}],"line":90},"4":{"loc":{"start":{"line":90,"column":16},"end":{"line":90,"column":50}},"type":"binary-expr","locations":[{"start":{"line":90,"column":16},"end":{"line":90,"column":26}},{"start":{"line":90,"column":30},"end":{"line":90,"column":35}},{"start":{"line":90,"column":39},"end":{"line":90,"column":50}}],"line":90},"5":{"loc":{"start":{"line":108,"column":28},"end":{"line":108,"column":55}},"type":"cond-expr","locations":[{"start":{"line":108,"column":39},"end":{"line":108,"column":46}},{"start":{"line":108,"column":49},"end":{"line":108,"column":55}}],"line":108},"6":{"loc":{"start":{"line":115,"column":25},"end":{"line":115,"column":77}},"type":"cond-expr","locations":[{"start":{"line":115,"column":49},"end":{"line":115,"column":63}},{"start":{"line":115,"column":66},"end":{"line":115,"column":77}}],"line":115},"7":{"loc":{"start":{"line":115,"column":25},"end":{"line":115,"column":46}},"type":"binary-expr","locations":[{"start":{"line":115,"column":25},"end":{"line":115,"column":33}},{"start":{"line":115,"column":37},"end":{"line":115,"column":46}}],"line":115},"8":{"loc":{"start":{"line":135,"column":24},"end":{"line":135,"column":48}},"type":"binary-expr","locations":[{"start":{"line":135,"column":24},"end":{"line":135,"column":35}},{"start":{"line":135,"column":39},"end":{"line":135,"column":48}}],"line":135}},"s":{"0":1,"1":31,"2":31,"3":31,"4":31,"5":31,"6":31,"7":31,"8":31,"9":31,"10":31,"11":31,"12":31,"13":31,"14":31,"15":31,"16":1,"17":31,"18":16,"19":31,"20":1,"21":31,"22":16,"23":31,"24":0,"25":0,"26":0,"27":31,"28":15,"29":0,"30":0,"31":0,"32":0,"33":0},"f":{"0":31,"1":1,"2":16,"3":1,"4":16,"5":0,"6":0,"7":15,"8":0,"9":0,"10":0,"11":0,"12":0},"b":{"0":[0,31],"1":[0,31],"2":[15,16],"3":[0,31],"4":[31,0,0],"5":[0,31],"6":[0,31],"7":[31,0],"8":[31,15]},"_coverageSchema":"332fd63041d2c1bcb487cc26dd0d5f7d97098a6c","hash":"ffa7e46b0a00a9a06339041bfbabc916e4e0dbeb"}
,"/home/singo/Documents/Software-Design-Project/decoded-shopper/src/components/Navbar.js": {"path":"/home/singo/Documents/Software-Design-Project/decoded-shopper/src/components/Navbar.js","statementMap":{"0":{"start":{"line":9,"column":2},"end":{"line":21,"column":4}},"1":{"start":{"line":26,"column":23},"end":{"line":26,"column":42}},"2":{"start":{"line":27,"column":19},"end":{"line":27,"column":71}},"3":{"start":{"line":29,"column":2},"end":{"line":35,"column":4}}},"fnMap":{"0":{"name":"Navbar","decl":{"start":{"line":7,"column":24},"end":{"line":7,"column":30}},"loc":{"start":{"line":7,"column":33},"end":{"line":22,"column":1}},"line":7},"1":{"name":"CustomLink","decl":{"start":{"line":24,"column":9},"end":{"line":24,"column":19}},"loc":{"start":{"line":24,"column":48},"end":{"line":36,"column":1}},"line":24}},"branchMap":{"0":{"loc":{"start":{"line":30,"column":19},"end":{"line":30,"column":43}},"type":"cond-expr","locations":[{"start":{"line":30,"column":30},"end":{"line":30,"column":38}},{"start":{"line":30,"column":41},"end":{"line":30,"column":43}}],"line":30}},"s":{"0":2,"1":9,"2":9,"3":9},"f":{"0":2,"1":9},"b":{"0":[0,9]},"_coverageSchema":"332fd63041d2c1bcb487cc26dd0d5f7d97098a6c","hash":"40d72a4a684ed7c8e27d7bcec9e688c26334266b"}
,"/home/singo/Documents/Software-Design-Project/decoded-shopper/src/components/ProductCard.js": {"path":"/home/singo/Documents/Software-Design-Project/decoded-shopper/src/components/ProductCard.js","statementMap":{"0":{"start":{"line":12,"column":28},"end":{"line":18,"column":1}},"1":{"start":{"line":20,"column":20},"end":{"line":109,"column":1}},"2":{"start":{"line":22,"column":16},"end":{"line":22,"column":30}},"3":{"start":{"line":23,"column":16},"end":{"line":23,"column":30}},"4":{"start":{"line":24,"column":14},"end":{"line":24,"column":26}},"5":{"start":{"line":25,"column":13},"end":{"line":25,"column":24}},"6":{"start":{"line":26,"column":19},"end":{"line":26,"column":36}},"7":{"start":{"line":28,"column":42},"end":{"line":28,"column":58}},"8":{"start":{"line":29,"column":35},"end":{"line":29,"column":50}},"9":{"start":{"line":32,"column":19},"end":{"line":36,"column":3}},"10":{"start":{"line":34,"column":4},"end":{"line":34,"column":27}},"11":{"start":{"line":42,"column":24},"end":{"line":53,"column":3}},"12":{"start":{"line":43,"column":4},"end":{"line":52,"column":7}},"13":{"start":{"line":71,"column":2},"end":{"line":108,"column":4}},"14":{"start":{"line":99,"column":14},"end":{"line":99,"column":30}}},"fnMap":{"0":{"name":"(anonymous_0)","decl":{"start":{"line":20,"column":20},"end":{"line":20,"column":21}},"loc":{"start":{"line":20,"column":34},"end":{"line":109,"column":1}},"line":20},"1":{"name":"(anonymous_1)","decl":{"start":{"line":32,"column":19},"end":{"line":32,"column":20}},"loc":{"start":{"line":32,"column":25},"end":{"line":36,"column":3}},"line":32},"2":{"name":"(anonymous_2)","decl":{"start":{"line":42,"column":24},"end":{"line":42,"column":25}},"loc":{"start":{"line":42,"column":30},"end":{"line":53,"column":3}},"line":42},"3":{"name":"(anonymous_3)","decl":{"start":{"line":97,"column":21},"end":{"line":97,"column":22}},"loc":{"start":{"line":97,"column":27},"end":{"line":101,"column":13}},"line":97}},"branchMap":{"0":{"loc":{"start":{"line":75,"column":11},"end":{"line":75,"column":46}},"type":"cond-expr","locations":[{"start":{"line":75,"column":19},"end":{"line":75,"column":41}},{"start":{"line":75,"column":44},"end":{"line":75,"column":46}}],"line":75},"1":{"loc":{"start":{"line":78,"column":20},"end":{"line":78,"column":52}},"type":"cond-expr","locations":[{"start":{"line":78,"column":32},"end":{"line":78,"column":48}},{"start":{"line":78,"column":51},"end":{"line":78,"column":52}}],"line":78}},"s":{"0":3,"1":3,"2":12,"3":12,"4":12,"5":12,"6":12,"7":12,"8":12,"9":12,"10":4,"11":12,"12":4,"13":12,"14":4},"f":{"0":12,"1":4,"2":4,"3":4},"b":{"0":[0,12],"1":[0,12]},"_coverageSchema":"332fd63041d2c1bcb487cc26dd0d5f7d97098a6c","hash":"f7d9c505a6850190a77556706192d0b8ec0d5eb7"}
,"/home/singo/Documents/Software-Design-Project/decoded-shopper/src/components/Products.js": {"path":"/home/singo/Documents/Software-Design-Project/decoded-shopper/src/components/Products.js","statementMap":{"0":{"start":{"line":10,"column":17},"end":{"line":156,"column":1}},"1":{"start":{"line":11,"column":38},"end":{"line":11,"column":50}},"2":{"start":{"line":12,"column":32},"end":{"line":12,"column":47}},"3":{"start":{"line":13,"column":26},"end":{"line":13,"column":38}},"4":{"start":{"line":14,"column":28},"end":{"line":14,"column":40}},"5":{"start":{"line":16,"column":18},"end":{"line":21,"column":3}},"6":{"start":{"line":22,"column":46},"end":{"line":22,"column":60}},"7":{"start":{"line":24,"column":16},"end":{"line":24,"column":42}},"8":{"start":{"line":33,"column":2},"end":{"line":50,"column":9}},"9":{"start":{"line":35,"column":4},"end":{"line":35,"column":21}},"10":{"start":{"line":46,"column":4},"end":{"line":48,"column":7}},"11":{"start":{"line":47,"column":6},"end":{"line":47,"column":35}},"12":{"start":{"line":49,"column":4},"end":{"line":49,"column":22}},"13":{"start":{"line":51,"column":2},"end":{"line":155,"column":4}},"14":{"start":{"line":72,"column":14},"end":{"line":72,"column":48}},"15":{"start":{"line":86,"column":14},"end":{"line":88,"column":15}},"16":{"start":{"line":87,"column":16},"end":{"line":87,"column":27}},"17":{"start":{"line":92,"column":14},"end":{"line":100,"column":16}},"18":{"start":{"line":109,"column":14},"end":{"line":113,"column":15}},"19":{"start":{"line":110,"column":16},"end":{"line":110,"column":27}},"20":{"start":{"line":111,"column":21},"end":{"line":113,"column":15}},"21":{"start":{"line":112,"column":16},"end":{"line":112,"column":27}},"22":{"start":{"line":117,"column":14},"end":{"line":123,"column":15}},"23":{"start":{"line":118,"column":16},"end":{"line":118,"column":27}},"24":{"start":{"line":119,"column":21},"end":{"line":123,"column":15}},"25":{"start":{"line":122,"column":16},"end":{"line":122,"column":27}},"26":{"start":{"line":126,"column":14},"end":{"line":141,"column":16}}},"fnMap":{"0":{"name":"(anonymous_0)","decl":{"start":{"line":10,"column":17},"end":{"line":10,"column":18}},"loc":{"start":{"line":10,"column":23},"end":{"line":156,"column":1}},"line":10},"1":{"name":"(anonymous_1)","decl":{"start":{"line":33,"column":12},"end":{"line":33,"column":13}},"loc":{"start":{"line":33,"column":18},"end":{"line":50,"column":3}},"line":33},"2":{"name":"(anonymous_2)","decl":{"start":{"line":46,"column":19},"end":{"line":46,"column":20}},"loc":{"start":{"line":46,"column":37},"end":{"line":48,"column":5}},"line":46},"3":{"name":"(anonymous_3)","decl":{"start":{"line":71,"column":22},"end":{"line":71,"column":23}},"loc":{"start":{"line":71,"column":33},"end":{"line":73,"column":13}},"line":71},"4":{"name":"(anonymous_4)","decl":{"start":{"line":85,"column":20},"end":{"line":85,"column":21}},"loc":{"start":{"line":85,"column":29},"end":{"line":89,"column":13}},"line":85},"5":{"name":"(anonymous_5)","decl":{"start":{"line":91,"column":17},"end":{"line":91,"column":18}},"loc":{"start":{"line":91,"column":26},"end":{"line":101,"column":13}},"line":91},"6":{"name":"(anonymous_6)","decl":{"start":{"line":108,"column":20},"end":{"line":108,"column":21}},"loc":{"start":{"line":108,"column":29},"end":{"line":114,"column":13}},"line":108},"7":{"name":"(anonymous_7)","decl":{"start":{"line":116,"column":20},"end":{"line":116,"column":21}},"loc":{"start":{"line":116,"column":29},"end":{"line":124,"column":13}},"line":116},"8":{"name":"(anonymous_8)","decl":{"start":{"line":125,"column":17},"end":{"line":125,"column":18}},"loc":{"start":{"line":125,"column":26},"end":{"line":142,"column":13}},"line":125}},"branchMap":{"0":{"loc":{"start":{"line":86,"column":14},"end":{"line":88,"column":15}},"type":"if","locations":[{"start":{"line":86,"column":14},"end":{"line":88,"column":15}},{"start":{"line":86,"column":14},"end":{"line":88,"column":15}}],"line":86},"1":{"loc":{"start":{"line":109,"column":14},"end":{"line":113,"column":15}},"type":"if","locations":[{"start":{"line":109,"column":14},"end":{"line":113,"column":15}},{"start":{"line":109,"column":14},"end":{"line":113,"column":15}}],"line":109},"2":{"loc":{"start":{"line":111,"column":21},"end":{"line":113,"column":15}},"type":"if","locations":[{"start":{"line":111,"column":21},"end":{"line":113,"column":15}},{"start":{"line":111,"column":21},"end":{"line":113,"column":15}}],"line":111},"3":{"loc":{"start":{"line":117,"column":14},"end":{"line":123,"column":15}},"type":"if","locations":[{"start":{"line":117,"column":14},"end":{"line":123,"column":15}},{"start":{"line":117,"column":14},"end":{"line":123,"column":15}}],"line":117},"4":{"loc":{"start":{"line":119,"column":21},"end":{"line":123,"column":15}},"type":"if","locations":[{"start":{"line":119,"column":21},"end":{"line":123,"column":15}},{"start":{"line":119,"column":21},"end":{"line":123,"column":15}}],"line":119}},"s":{"0":2,"1":14,"2":14,"3":14,"4":14,"5":14,"6":14,"7":14,"8":14,"9":7,"10":7,"11":0,"12":7,"13":14,"14":0,"15":0,"16":0,"17":0,"18":0,"19":0,"20":0,"21":0,"22":0,"23":0,"24":0,"25":0,"26":0},"f":{"0":14,"1":7,"2":0,"3":0,"4":0,"5":0,"6":0,"7":0,"8":0},"b":{"0":[0,0],"1":[0,0],"2":[0,0],"3":[0,0],"4":[0,0]},"_coverageSchema":"332fd63041d2c1bcb487cc26dd0d5f7d97098a6c","hash":"d85b992c69b52b09829ba19703616d64b2674337"}
,"/home/singo/Documents/Software-Design-Project/decoded-shopper/src/components/ProfilePage.js": {"path":"/home/singo/Documents/Software-Design-Project/decoded-shopper/src/components/ProfilePage.js","statementMap":{"0":{"start":{"line":9,"column":20},"end":{"line":57,"column":1}},"1":{"start":{"line":10,"column":19},"end":{"line":10,"column":32}},"2":{"start":{"line":11,"column":30},"end":{"line":11,"column":42}},"3":{"start":{"line":12,"column":34},"end":{"line":12,"column":57}},"4":{"start":{"line":14,"column":2},"end":{"line":16,"column":3}},"5":{"start":{"line":15,"column":4},"end":{"line":15,"column":40}},"6":{"start":{"line":18,"column":2},"end":{"line":25,"column":3}},"7":{"start":{"line":19,"column":30},"end":{"line":19,"column":71}},"8":{"start":{"line":20,"column":4},"end":{"line":22,"column":7}},"9":{"start":{"line":21,"column":6},"end":{"line":21,"column":32}},"10":{"start":{"line":24,"column":4},"end":{"line":24,"column":16}},"11":{"start":{"line":27,"column":2},"end":{"line":56,"column":4}},"12":{"start":{"line":47,"column":12},"end":{"line":49,"column":15}},"13":{"start":{"line":48,"column":14},"end":{"line":48,"column":55}}},"fnMap":{"0":{"name":"(anonymous_0)","decl":{"start":{"line":9,"column":20},"end":{"line":9,"column":21}},"loc":{"start":{"line":9,"column":26},"end":{"line":57,"column":1}},"line":9},"1":{"name":"(anonymous_1)","decl":{"start":{"line":20,"column":32},"end":{"line":20,"column":33}},"loc":{"start":{"line":20,"column":46},"end":{"line":22,"column":5}},"line":20},"2":{"name":"(anonymous_2)","decl":{"start":{"line":46,"column":19},"end":{"line":46,"column":20}},"loc":{"start":{"line":46,"column":25},"end":{"line":50,"column":11}},"line":46},"3":{"name":"(anonymous_3)","decl":{"start":{"line":47,"column":26},"end":{"line":47,"column":27}},"loc":{"start":{"line":47,"column":32},"end":{"line":49,"column":13}},"line":47}},"branchMap":{"0":{"loc":{"start":{"line":14,"column":2},"end":{"line":16,"column":3}},"type":"if","locations":[{"start":{"line":14,"column":2},"end":{"line":16,"column":3}},{"start":{"line":14,"column":2},"end":{"line":16,"column":3}}],"line":14},"1":{"loc":{"start":{"line":18,"column":2},"end":{"line":25,"column":3}},"type":"if","locations":[{"start":{"line":18,"column":2},"end":{"line":25,"column":3}},{"start":{"line":18,"column":2},"end":{"line":25,"column":3}}],"line":18},"2":{"loc":{"start":{"line":34,"column":9},"end":{"line":41,"column":9}},"type":"binary-expr","locations":[{"start":{"line":34,"column":9},"end":{"line":34,"column":20}},{"start":{"line":35,"column":10},"end":{"line":40,"column":13}}],"line":34}},"s":{"0":1,"1":1,"2":1,"3":1,"4":1,"5":1,"6":0,"7":0,"8":0,"9":0,"10":0,"11":0,"12":0,"13":0},"f":{"0":1,"1":0,"2":0,"3":0},"b":{"0":[1,0],"1":[0,0],"2":[0,0]},"_coverageSchema":"332fd63041d2c1bcb487cc26dd0d5f7d97098a6c","hash":"a820c5dbd72c12deac2eea4deca287e2344de50a"}
,"/home/singo/Documents/Software-Design-Project/decoded-shopper/src/components/Register.js": {"path":"/home/singo/Documents/Software-Design-Project/decoded-shopper/src/components/Register.js","statementMap":{"0":{"start":{"line":13,"column":19},"end":{"line":13,"column":41}},"1":{"start":{"line":14,"column":20},"end":{"line":14,"column":90}},"2":{"start":{"line":15,"column":20},"end":{"line":15,"column":33}},"3":{"start":{"line":17,"column":23},"end":{"line":17,"column":33}},"4":{"start":{"line":18,"column":18},"end":{"line":18,"column":75}},"5":{"start":{"line":20,"column":17},"end":{"line":395,"column":1}},"6":{"start":{"line":21,"column":19},"end":{"line":21,"column":32}},"7":{"start":{"line":22,"column":18},"end":{"line":22,"column":26}},"8":{"start":{"line":23,"column":17},"end":{"line":23,"column":25}},"9":{"start":{"line":25,"column":26},"end":{"line":25,"column":38}},"10":{"start":{"line":26,"column":36},"end":{"line":26,"column":51}},"11":{"start":{"line":27,"column":36},"end":{"line":27,"column":51}},"12":{"start":{"line":29,"column":24},"end":{"line":29,"column":36}},"13":{"start":{"line":30,"column":34},"end":{"line":30,"column":49}},"14":{"start":{"line":31,"column":34},"end":{"line":31,"column":49}},"15":{"start":{"line":33,"column":34},"end":{"line":33,"column":46}},"16":{"start":{"line":34,"column":38},"end":{"line":34,"column":53}},"17":{"start":{"line":35,"column":38},"end":{"line":35,"column":53}},"18":{"start":{"line":37,"column":28},"end":{"line":37,"column":40}},"19":{"start":{"line":38,"column":38},"end":{"line":38,"column":53}},"20":{"start":{"line":39,"column":38},"end":{"line":39,"column":53}},"21":{"start":{"line":41,"column":28},"end":{"line":41,"column":40}},"22":{"start":{"line":42,"column":38},"end":{"line":42,"column":53}},"23":{"start":{"line":43,"column":38},"end":{"line":43,"column":53}},"24":{"start":{"line":45,"column":34},"end":{"line":45,"column":46}},"25":{"start":{"line":46,"column":44},"end":{"line":46,"column":59}},"26":{"start":{"line":47,"column":44},"end":{"line":47,"column":59}},"27":{"start":{"line":49,"column":30},"end":{"line":49,"column":42}},"28":{"start":{"line":50,"column":32},"end":{"line":50,"column":47}},"29":{"start":{"line":53,"column":2},"end":{"line":55,"column":9}},"30":{"start":{"line":54,"column":4},"end":{"line":54,"column":28}},"31":{"start":{"line":58,"column":2},"end":{"line":60,"column":13}},"32":{"start":{"line":59,"column":4},"end":{"line":59,"column":40}},"33":{"start":{"line":63,"column":2},"end":{"line":66,"column":22}},"34":{"start":{"line":64,"column":4},"end":{"line":64,"column":37}},"35":{"start":{"line":65,"column":4},"end":{"line":65,"column":36}},"36":{"start":{"line":69,"column":2},"end":{"line":71,"column":14}},"37":{"start":{"line":70,"column":4},"end":{"line":70,"column":43}},"38":{"start":{"line":74,"column":2},"end":{"line":76,"column":14}},"39":{"start":{"line":75,"column":4},"end":{"line":75,"column":43}},"40":{"start":{"line":79,"column":2},"end":{"line":81,"column":17}},"41":{"start":{"line":80,"column":4},"end":{"line":80,"column":52}},"42":{"start":{"line":84,"column":2},"end":{"line":86,"column":52}},"43":{"start":{"line":85,"column":4},"end":{"line":85,"column":18}},"44":{"start":{"line":88,"column":23},"end":{"line":115,"column":3}},"45":{"start":{"line":89,"column":4},"end":{"line":89,"column":23}},"46":{"start":{"line":91,"column":15},"end":{"line":91,"column":36}},"47":{"start":{"line":92,"column":15},"end":{"line":92,"column":34}},"48":{"start":{"line":94,"column":15},"end":{"line":94,"column":38}},"49":{"start":{"line":95,"column":15},"end":{"line":95,"column":38}},"50":{"start":{"line":97,"column":15},"end":{"line":97,"column":44}},"51":{"start":{"line":99,"column":4},"end":{"line":114,"column":5}},"52":{"start":{"line":100,"column":6},"end":{"line":100,"column":33}},"53":{"start":{"line":101,"column":6},"end":{"line":101,"column":13}},"54":{"start":{"line":104,"column":23},"end":{"line":104,"column":69}},"55":{"start":{"line":107,"column":6},"end":{"line":113,"column":7}},"56":{"start":{"line":108,"column":8},"end":{"line":108,"column":46}},"57":{"start":{"line":112,"column":8},"end":{"line":112,"column":38}},"58":{"start":{"line":117,"column":2},"end":{"line":394,"column":4}},"59":{"start":{"line":154,"column":31},"end":{"line":154,"column":54}},"60":{"start":{"line":159,"column":29},"end":{"line":159,"column":47}},"61":{"start":{"line":160,"column":28},"end":{"line":160,"column":47}},"62":{"start":{"line":191,"column":31},"end":{"line":191,"column":55}},"63":{"start":{"line":196,"column":29},"end":{"line":196,"column":48}},"64":{"start":{"line":197,"column":28},"end":{"line":197,"column":48}},"65":{"start":{"line":229,"column":31},"end":{"line":229,"column":55}},"66":{"start":{"line":234,"column":29},"end":{"line":234,"column":48}},"67":{"start":{"line":235,"column":28},"end":{"line":235,"column":48}},"68":{"start":{"line":269,"column":31},"end":{"line":269,"column":58}},"69":{"start":{"line":274,"column":29},"end":{"line":274,"column":51}},"70":{"start":{"line":275,"column":28},"end":{"line":275,"column":51}},"71":{"start":{"line":306,"column":31},"end":{"line":306,"column":53}},"72":{"start":{"line":311,"column":29},"end":{"line":311,"column":46}},"73":{"start":{"line":312,"column":28},"end":{"line":312,"column":46}},"74":{"start":{"line":348,"column":31},"end":{"line":348,"column":58}},"75":{"start":{"line":353,"column":29},"end":{"line":353,"column":48}},"76":{"start":{"line":354,"column":28},"end":{"line":354,"column":48}}},"fnMap":{"0":{"name":"(anonymous_0)","decl":{"start":{"line":20,"column":17},"end":{"line":20,"column":18}},"loc":{"start":{"line":20,"column":23},"end":{"line":395,"column":1}},"line":20},"1":{"name":"(anonymous_1)","decl":{"start":{"line":53,"column":12},"end":{"line":53,"column":13}},"loc":{"start":{"line":53,"column":18},"end":{"line":55,"column":3}},"line":53},"2":{"name":"(anonymous_2)","decl":{"start":{"line":58,"column":12},"end":{"line":58,"column":13}},"loc":{"start":{"line":58,"column":18},"end":{"line":60,"column":3}},"line":58},"3":{"name":"(anonymous_3)","decl":{"start":{"line":63,"column":12},"end":{"line":63,"column":13}},"loc":{"start":{"line":63,"column":18},"end":{"line":66,"column":3}},"line":63},"4":{"name":"(anonymous_4)","decl":{"start":{"line":69,"column":12},"end":{"line":69,"column":13}},"loc":{"start":{"line":69,"column":18},"end":{"line":71,"column":3}},"line":69},"5":{"name":"(anonymous_5)","decl":{"start":{"line":74,"column":12},"end":{"line":74,"column":13}},"loc":{"start":{"line":74,"column":18},"end":{"line":76,"column":3}},"line":74},"6":{"name":"(anonymous_6)","decl":{"start":{"line":79,"column":12},"end":{"line":79,"column":13}},"loc":{"start":{"line":79,"column":18},"end":{"line":81,"column":3}},"line":79},"7":{"name":"(anonymous_7)","decl":{"start":{"line":84,"column":12},"end":{"line":84,"column":13}},"loc":{"start":{"line":84,"column":18},"end":{"line":86,"column":3}},"line":84},"8":{"name":"(anonymous_8)","decl":{"start":{"line":88,"column":23},"end":{"line":88,"column":24}},"loc":{"start":{"line":88,"column":36},"end":{"line":115,"column":3}},"line":88},"9":{"name":"(anonymous_9)","decl":{"start":{"line":154,"column":24},"end":{"line":154,"column":25}},"loc":{"start":{"line":154,"column":31},"end":{"line":154,"column":54}},"line":154},"10":{"name":"(anonymous_10)","decl":{"start":{"line":159,"column":23},"end":{"line":159,"column":24}},"loc":{"start":{"line":159,"column":29},"end":{"line":159,"column":47}},"line":159},"11":{"name":"(anonymous_11)","decl":{"start":{"line":160,"column":22},"end":{"line":160,"column":23}},"loc":{"start":{"line":160,"column":28},"end":{"line":160,"column":47}},"line":160},"12":{"name":"(anonymous_12)","decl":{"start":{"line":191,"column":24},"end":{"line":191,"column":25}},"loc":{"start":{"line":191,"column":31},"end":{"line":191,"column":55}},"line":191},"13":{"name":"(anonymous_13)","decl":{"start":{"line":196,"column":23},"end":{"line":196,"column":24}},"loc":{"start":{"line":196,"column":29},"end":{"line":196,"column":48}},"line":196},"14":{"name":"(anonymous_14)","decl":{"start":{"line":197,"column":22},"end":{"line":197,"column":23}},"loc":{"start":{"line":197,"column":28},"end":{"line":197,"column":48}},"line":197},"15":{"name":"(anonymous_15)","decl":{"start":{"line":229,"column":24},"end":{"line":229,"column":25}},"loc":{"start":{"line":229,"column":31},"end":{"line":229,"column":55}},"line":229},"16":{"name":"(anonymous_16)","decl":{"start":{"line":234,"column":23},"end":{"line":234,"column":24}},"loc":{"start":{"line":234,"column":29},"end":{"line":234,"column":48}},"line":234},"17":{"name":"(anonymous_17)","decl":{"start":{"line":235,"column":22},"end":{"line":235,"column":23}},"loc":{"start":{"line":235,"column":28},"end":{"line":235,"column":48}},"line":235},"18":{"name":"(anonymous_18)","decl":{"start":{"line":269,"column":24},"end":{"line":269,"column":25}},"loc":{"start":{"line":269,"column":31},"end":{"line":269,"column":58}},"line":269},"19":{"name":"(anonymous_19)","decl":{"start":{"line":274,"column":23},"end":{"line":274,"column":24}},"loc":{"start":{"line":274,"column":29},"end":{"line":274,"column":51}},"line":274},"20":{"name":"(anonymous_20)","decl":{"start":{"line":275,"column":22},"end":{"line":275,"column":23}},"loc":{"start":{"line":275,"column":28},"end":{"line":275,"column":51}},"line":275},"21":{"name":"(anonymous_21)","decl":{"start":{"line":306,"column":24},"end":{"line":306,"column":25}},"loc":{"start":{"line":306,"column":31},"end":{"line":306,"column":53}},"line":306},"22":{"name":"(anonymous_22)","decl":{"start":{"line":311,"column":23},"end":{"line":311,"column":24}},"loc":{"start":{"line":311,"column":29},"end":{"line":311,"column":46}},"line":311},"23":{"name":"(anonymous_23)","decl":{"start":{"line":312,"column":22},"end":{"line":312,"column":23}},"loc":{"start":{"line":312,"column":28},"end":{"line":312,"column":46}},"line":312},"24":{"name":"(anonymous_24)","decl":{"start":{"line":348,"column":24},"end":{"line":348,"column":25}},"loc":{"start":{"line":348,"column":31},"end":{"line":348,"column":58}},"line":348},"25":{"name":"(anonymous_25)","decl":{"start":{"line":353,"column":23},"end":{"line":353,"column":24}},"loc":{"start":{"line":353,"column":29},"end":{"line":353,"column":48}},"line":353},"26":{"name":"(anonymous_26)","decl":{"start":{"line":354,"column":22},"end":{"line":354,"column":23}},"loc":{"start":{"line":354,"column":28},"end":{"line":354,"column":48}},"line":354}},"branchMap":{"0":{"loc":{"start":{"line":99,"column":4},"end":{"line":114,"column":5}},"type":"if","locations":[{"start":{"line":99,"column":4},"end":{"line":114,"column":5}},{"start":{"line":99,"column":4},"end":{"line":114,"column":5}}],"line":99},"1":{"loc":{"start":{"line":99,"column":8},"end":{"line":99,"column":39}},"type":"binary-expr","locations":[{"start":{"line":99,"column":8},"end":{"line":99,"column":11}},{"start":{"line":99,"column":15},"end":{"line":99,"column":18}},{"start":{"line":99,"column":22},"end":{"line":99,"column":25}},{"start":{"line":99,"column":29},"end":{"line":99,"column":32}},{"start":{"line":99,"column":36},"end":{"line":99,"column":39}}],"line":99},"2":{"loc":{"start":{"line":107,"column":6},"end":{"line":113,"column":7}},"type":"if","locations":[{"start":{"line":107,"column":6},"end":{"line":113,"column":7}},{"start":{"line":107,"column":6},"end":{"line":113,"column":7}}],"line":107},"3":{"loc":{"start":{"line":119,"column":7},"end":{"line":392,"column":7}},"type":"cond-expr","locations":[{"start":{"line":120,"column":8},"end":{"line":122,"column":18}},{"start":{"line":125,"column":8},"end":{"line":391,"column":18}}],"line":119},"4":{"loc":{"start":{"line":128,"column":23},"end":{"line":128,"column":54}},"type":"cond-expr","locations":[{"start":{"line":128,"column":32},"end":{"line":128,"column":40}},{"start":{"line":128,"column":43},"end":{"line":128,"column":54}}],"line":128},"5":{"loc":{"start":{"line":141,"column":27},"end":{"line":141,"column":55}},"type":"cond-expr","locations":[{"start":{"line":141,"column":39},"end":{"line":141,"column":46}},{"start":{"line":141,"column":49},"end":{"line":141,"column":55}}],"line":141},"6":{"loc":{"start":{"line":145,"column":27},"end":{"line":145,"column":66}},"type":"cond-expr","locations":[{"start":{"line":145,"column":48},"end":{"line":145,"column":54}},{"start":{"line":145,"column":57},"end":{"line":145,"column":66}}],"line":145},"7":{"loc":{"start":{"line":145,"column":27},"end":{"line":145,"column":45}},"type":"binary-expr","locations":[{"start":{"line":145,"column":27},"end":{"line":145,"column":36}},{"start":{"line":145,"column":40},"end":{"line":145,"column":45}}],"line":145},"8":{"loc":{"start":{"line":157,"column":28},"end":{"line":157,"column":56}},"type":"cond-expr","locations":[{"start":{"line":157,"column":40},"end":{"line":157,"column":47}},{"start":{"line":157,"column":50},"end":{"line":157,"column":56}}],"line":157},"9":{"loc":{"start":{"line":166,"column":16},"end":{"line":166,"column":78}},"type":"cond-expr","locations":[{"start":{"line":166,"column":50},"end":{"line":166,"column":64}},{"start":{"line":166,"column":67},"end":{"line":166,"column":78}}],"line":166},"10":{"loc":{"start":{"line":166,"column":16},"end":{"line":166,"column":47}},"type":"binary-expr","locations":[{"start":{"line":166,"column":16},"end":{"line":166,"column":25}},{"start":{"line":166,"column":29},"end":{"line":166,"column":33}},{"start":{"line":166,"column":37},"end":{"line":166,"column":47}}],"line":166},"11":{"loc":{"start":{"line":179,"column":27},"end":{"line":179,"column":56}},"type":"cond-expr","locations":[{"start":{"line":179,"column":40},"end":{"line":179,"column":47}},{"start":{"line":179,"column":50},"end":{"line":179,"column":56}}],"line":179},"12":{"loc":{"start":{"line":183,"column":27},"end":{"line":183,"column":68}},"type":"cond-expr","locations":[{"start":{"line":183,"column":50},"end":{"line":183,"column":56}},{"start":{"line":183,"column":59},"end":{"line":183,"column":68}}],"line":183},"13":{"loc":{"start":{"line":183,"column":27},"end":{"line":183,"column":47}},"type":"binary-expr","locations":[{"start":{"line":183,"column":27},"end":{"line":183,"column":37}},{"start":{"line":183,"column":41},"end":{"line":183,"column":47}}],"line":183},"14":{"loc":{"start":{"line":194,"column":28},"end":{"line":194,"column":57}},"type":"cond-expr","locations":[{"start":{"line":194,"column":41},"end":{"line":194,"column":48}},{"start":{"line":194,"column":51},"end":{"line":194,"column":57}}],"line":194},"15":{"loc":{"start":{"line":203,"column":16},"end":{"line":205,"column":31}},"type":"cond-expr","locations":[{"start":{"line":204,"column":20},"end":{"line":204,"column":34}},{"start":{"line":205,"column":20},"end":{"line":205,"column":31}}],"line":203},"16":{"loc":{"start":{"line":203,"column":16},"end":{"line":203,"column":50}},"type":"binary-expr","locations":[{"start":{"line":203,"column":16},"end":{"line":203,"column":26}},{"start":{"line":203,"column":30},"end":{"line":203,"column":35}},{"start":{"line":203,"column":39},"end":{"line":203,"column":50}}],"line":203},"17":{"loc":{"start":{"line":217,"column":27},"end":{"line":217,"column":56}},"type":"cond-expr","locations":[{"start":{"line":217,"column":40},"end":{"line":217,"column":47}},{"start":{"line":217,"column":50},"end":{"line":217,"column":56}}],"line":217},"18":{"loc":{"start":{"line":221,"column":27},"end":{"line":221,"column":68}},"type":"cond-expr","locations":[{"start":{"line":221,"column":50},"end":{"line":221,"column":56}},{"start":{"line":221,"column":59},"end":{"line":221,"column":68}}],"line":221},"19":{"loc":{"start":{"line":221,"column":27},"end":{"line":221,"column":47}},"type":"binary-expr","locations":[{"start":{"line":221,"column":27},"end":{"line":221,"column":37}},{"start":{"line":221,"column":41},"end":{"line":221,"column":47}}],"line":221},"20":{"loc":{"start":{"line":232,"column":28},"end":{"line":232,"column":57}},"type":"cond-expr","locations":[{"start":{"line":232,"column":41},"end":{"line":232,"column":48}},{"start":{"line":232,"column":51},"end":{"line":232,"column":57}}],"line":232},"21":{"loc":{"start":{"line":241,"column":16},"end":{"line":243,"column":31}},"type":"cond-expr","locations":[{"start":{"line":242,"column":20},"end":{"line":242,"column":34}},{"start":{"line":243,"column":20},"end":{"line":243,"column":31}}],"line":241},"22":{"loc":{"start":{"line":241,"column":16},"end":{"line":241,"column":50}},"type":"binary-expr","locations":[{"start":{"line":241,"column":16},"end":{"line":241,"column":26}},{"start":{"line":241,"column":30},"end":{"line":241,"column":35}},{"start":{"line":241,"column":39},"end":{"line":241,"column":50}}],"line":241},"23":{"loc":{"start":{"line":257,"column":27},"end":{"line":257,"column":59}},"type":"cond-expr","locations":[{"start":{"line":257,"column":43},"end":{"line":257,"column":50}},{"start":{"line":257,"column":53},"end":{"line":257,"column":59}}],"line":257},"24":{"loc":{"start":{"line":261,"column":27},"end":{"line":261,"column":74}},"type":"cond-expr","locations":[{"start":{"line":261,"column":56},"end":{"line":261,"column":62}},{"start":{"line":261,"column":65},"end":{"line":261,"column":74}}],"line":261},"25":{"loc":{"start":{"line":261,"column":27},"end":{"line":261,"column":53}},"type":"binary-expr","locations":[{"start":{"line":261,"column":27},"end":{"line":261,"column":40}},{"start":{"line":261,"column":44},"end":{"line":261,"column":53}}],"line":261},"26":{"loc":{"start":{"line":272,"column":28},"end":{"line":272,"column":60}},"type":"cond-expr","locations":[{"start":{"line":272,"column":44},"end":{"line":272,"column":51}},{"start":{"line":272,"column":54},"end":{"line":272,"column":60}}],"line":272},"27":{"loc":{"start":{"line":281,"column":16},"end":{"line":283,"column":31}},"type":"cond-expr","locations":[{"start":{"line":282,"column":20},"end":{"line":282,"column":34}},{"start":{"line":283,"column":20},"end":{"line":283,"column":31}}],"line":281},"28":{"loc":{"start":{"line":281,"column":16},"end":{"line":281,"column":59}},"type":"binary-expr","locations":[{"start":{"line":281,"column":16},"end":{"line":281,"column":29}},{"start":{"line":281,"column":33},"end":{"line":281,"column":41}},{"start":{"line":281,"column":45},"end":{"line":281,"column":59}}],"line":281},"29":{"loc":{"start":{"line":295,"column":27},"end":{"line":295,"column":54}},"type":"cond-expr","locations":[{"start":{"line":295,"column":38},"end":{"line":295,"column":45}},{"start":{"line":295,"column":48},"end":{"line":295,"column":54}}],"line":295},"30":{"loc":{"start":{"line":299,"column":27},"end":{"line":299,"column":64}},"type":"cond-expr","locations":[{"start":{"line":299,"column":46},"end":{"line":299,"column":52}},{"start":{"line":299,"column":55},"end":{"line":299,"column":64}}],"line":299},"31":{"loc":{"start":{"line":299,"column":27},"end":{"line":299,"column":43}},"type":"binary-expr","locations":[{"start":{"line":299,"column":27},"end":{"line":299,"column":35}},{"start":{"line":299,"column":39},"end":{"line":299,"column":43}}],"line":299},"32":{"loc":{"start":{"line":309,"column":28},"end":{"line":309,"column":55}},"type":"cond-expr","locations":[{"start":{"line":309,"column":39},"end":{"line":309,"column":46}},{"start":{"line":309,"column":49},"end":{"line":309,"column":55}}],"line":309},"33":{"loc":{"start":{"line":317,"column":25},"end":{"line":317,"column":77}},"type":"cond-expr","locations":[{"start":{"line":317,"column":49},"end":{"line":317,"column":63}},{"start":{"line":317,"column":66},"end":{"line":317,"column":77}}],"line":317},"34":{"loc":{"start":{"line":317,"column":25},"end":{"line":317,"column":46}},"type":"binary-expr","locations":[{"start":{"line":317,"column":25},"end":{"line":317,"column":33}},{"start":{"line":317,"column":37},"end":{"line":317,"column":46}}],"line":317},"35":{"loc":{"start":{"line":337,"column":27},"end":{"line":337,"column":68}},"type":"cond-expr","locations":[{"start":{"line":337,"column":52},"end":{"line":337,"column":59}},{"start":{"line":337,"column":62},"end":{"line":337,"column":68}}],"line":337},"36":{"loc":{"start":{"line":337,"column":27},"end":{"line":337,"column":49}},"type":"binary-expr","locations":[{"start":{"line":337,"column":27},"end":{"line":337,"column":37}},{"start":{"line":337,"column":41},"end":{"line":337,"column":49}}],"line":337},"37":{"loc":{"start":{"line":341,"column":27},"end":{"line":341,"column":71}},"type":"cond-expr","locations":[{"start":{"line":341,"column":53},"end":{"line":341,"column":59}},{"start":{"line":341,"column":62},"end":{"line":341,"column":71}}],"line":341},"38":{"loc":{"start":{"line":341,"column":27},"end":{"line":341,"column":50}},"type":"binary-expr","locations":[{"start":{"line":341,"column":27},"end":{"line":341,"column":37}},{"start":{"line":341,"column":41},"end":{"line":341,"column":50}}],"line":341},"39":{"loc":{"start":{"line":351,"column":28},"end":{"line":351,"column":57}},"type":"cond-expr","locations":[{"start":{"line":351,"column":41},"end":{"line":351,"column":48}},{"start":{"line":351,"column":51},"end":{"line":351,"column":57}}],"line":351},"40":{"loc":{"start":{"line":360,"column":16},"end":{"line":360,"column":72}},"type":"cond-expr","locations":[{"start":{"line":360,"column":44},"end":{"line":360,"column":58}},{"start":{"line":360,"column":61},"end":{"line":360,"column":72}}],"line":360},"41":{"loc":{"start":{"line":360,"column":16},"end":{"line":360,"column":41}},"type":"binary-expr","locations":[{"start":{"line":360,"column":16},"end":{"line":360,"column":26}},{"start":{"line":360,"column":30},"end":{"line":360,"column":41}}],"line":360},"42":{"loc":{"start":{"line":370,"column":16},"end":{"line":377,"column":25}},"type":"cond-expr","locations":[{"start":{"line":376,"column":20},"end":{"line":376,"column":24}},{"start":{"line":377,"column":20},"end":{"line":377,"column":25}}],"line":370},"43":{"loc":{"start":{"line":370,"column":16},"end":{"line":375,"column":27}},"type":"binary-expr","locations":[{"start":{"line":370,"column":16},"end":{"line":370,"column":26}},{"start":{"line":371,"column":16},"end":{"line":371,"column":25}},{"start":{"line":372,"column":16},"end":{"line":372,"column":27}},{"start":{"line":373,"column":16},"end":{"line":373,"column":30}},{"start":{"line":374,"column":16},"end":{"line":374,"column":27}},{"start":{"line":375,"column":16},"end":{"line":375,"column":27}}],"line":370}},"s":{"0":1,"1":1,"2":1,"3":1,"4":1,"5":1,"6":70,"7":70,"8":70,"9":70,"10":70,"11":70,"12":70,"13":70,"14":70,"15":70,"16":70,"17":70,"18":70,"19":70,"20":70,"21":70,"22":70,"23":70,"24":70,"25":70,"26":70,"27":70,"28":70,"29":70,"30":4,"31":70,"32":9,"33":70,"34":4,"35":4,"36":70,"37":20,"38":70,"39":14,"40":70,"41":4,"42":70,"43":35,"44":70,"45":0,"46":0,"47":0,"48":0,"49":0,"50":0,"51":0,"52":0,"53":0,"54":0,"55":0,"56":0,"57":0,"58":70,"59":5,"60":0,"61":0,"62":16,"63":0,"64":0,"65":10,"66":0,"67":0,"68":0,"69":0,"70":0,"71":0,"72":0,"73":0,"74":0,"75":0,"76":0},"f":{"0":70,"1":4,"2":9,"3":4,"4":20,"5":14,"6":4,"7":35,"8":0,"9":5,"10":0,"11":0,"12":16,"13":0,"14":0,"15":10,"16":0,"17":0,"18":0,"19":0,"20":0,"21":0,"22":0,"23":0,"24":0,"25":0,"26":0},"b":{"0":[0,0],"1":[0,0,0,0,0],"2":[0,0],"3":[0,70],"4":[0,70],"5":[0,70],"6":[60,10],"7":[70,70],"8":[0,70],"9":[0,70],"10":[70,0,0],"11":[15,55],"12":[53,17],"13":[70,55],"14":[15,55],"15":[0,70],"16":[70,0,0],"17":[1,69],"18":[51,19],"19":[70,69],"20":[1,69],"21":[0,70],"22":[70,0,0],"23":[0,70],"24":[70,0],"25":[70,70],"26":[0,70],"27":[0,70],"28":[70,0,0],"29":[0,70],"30":[70,0],"31":[70,70],"32":[0,70],"33":[0,70],"34":[70,0],"35":[0,70],"36":[70,66],"37":[70,0],"38":[70,4],"39":[66,4],"40":[0,70],"41":[70,0],"42":[70,0],"43":[70,0,0,0,0,0]},"_coverageSchema":"332fd63041d2c1bcb487cc26dd0d5f7d97098a6c","hash":"359fe5c78fa3ba43d3b78d12598eec2067b5999a"}
,"/home/singo/Documents/Software-Design-Project/decoded-shopper/src/components/WishList.js": {"path":"/home/singo/Documents/Software-Design-Project/decoded-shopper/src/components/WishList.js","statementMap":{"0":{"start":{"line":10,"column":17},"end":{"line":114,"column":1}},"1":{"start":{"line":19,"column":35},"end":{"line":19,"column":50}},"2":{"start":{"line":20,"column":20},"end":{"line":20,"column":30}},"3":{"start":{"line":26,"column":12},"end":{"line":26,"column":13}},"4":{"start":{"line":37,"column":29},"end":{"line":42,"column":3}},"5":{"start":{"line":38,"column":4},"end":{"line":41,"column":7}},"6":{"start":{"line":56,"column":2},"end":{"line":113,"column":4}},"7":{"start":{"line":70,"column":8},"end":{"line":92,"column":10}},"8":{"start":{"line":88,"column":31},"end":{"line":88,"column":58}},"9":{"start":{"line":104,"column":12},"end":{"line":106,"column":15}},"10":{"start":{"line":105,"column":14},"end":{"line":105,"column":42}}},"fnMap":{"0":{"name":"(anonymous_0)","decl":{"start":{"line":10,"column":17},"end":{"line":10,"column":18}},"loc":{"start":{"line":10,"column":23},"end":{"line":114,"column":1}},"line":10},"1":{"name":"(anonymous_1)","decl":{"start":{"line":37,"column":29},"end":{"line":37,"column":30}},"loc":{"start":{"line":37,"column":37},"end":{"line":42,"column":3}},"line":37},"2":{"name":"(anonymous_2)","decl":{"start":{"line":69,"column":20},"end":{"line":69,"column":21}},"loc":{"start":{"line":69,"column":37},"end":{"line":93,"column":7}},"line":69},"3":{"name":"(anonymous_3)","decl":{"start":{"line":88,"column":25},"end":{"line":88,"column":26}},"loc":{"start":{"line":88,"column":31},"end":{"line":88,"column":58}},"line":88},"4":{"name":"(anonymous_4)","decl":{"start":{"line":103,"column":19},"end":{"line":103,"column":20}},"loc":{"start":{"line":103,"column":25},"end":{"line":107,"column":11}},"line":103},"5":{"name":"(anonymous_5)","decl":{"start":{"line":104,"column":25},"end":{"line":104,"column":26}},"loc":{"start":{"line":104,"column":35},"end":{"line":106,"column":13}},"line":104}},"branchMap":{"0":{"loc":{"start":{"line":65,"column":11},"end":{"line":65,"column":52}},"type":"cond-expr","locations":[{"start":{"line":65,"column":33},"end":{"line":65,"column":48}},{"start":{"line":65,"column":51},"end":{"line":65,"column":52}}],"line":65},"1":{"loc":{"start":{"line":80,"column":15},"end":{"line":80,"column":68}},"type":"cond-expr","locations":[{"start":{"line":80,"column":28},"end":{"line":80,"column":55}},{"start":{"line":80,"column":58},"end":{"line":80,"column":68}}],"line":80},"2":{"loc":{"start":{"line":83,"column":17},"end":{"line":83,"column":68}},"type":"cond-expr","locations":[{"start":{"line":83,"column":34},"end":{"line":83,"column":55}},{"start":{"line":83,"column":58},"end":{"line":83,"column":68}}],"line":83}},"s":{"0":3,"1":14,"2":14,"3":14,"4":14,"5":2,"6":14,"7":4,"8":1,"9":1,"10":1},"f":{"0":14,"1":2,"2":4,"3":1,"4":1,"5":1},"b":{"0":[4,10],"1":[0,4],"2":[0,4]},"_coverageSchema":"332fd63041d2c1bcb487cc26dd0d5f7d97098a6c","hash":"cfa00c5d70f55aa3e8918c77b9eafeb68b7b1093"}
,"/home/singo/Documents/Software-Design-Project/decoded-shopper/src/components/init-firebase.js": {"path":"/home/singo/Documents/Software-Design-Project/decoded-shopper/src/components/init-firebase.js","statementMap":{"0":{"start":{"line":21,"column":23},"end":{"line":30,"column":1}},"1":{"start":{"line":33,"column":12},"end":{"line":33,"column":41}},"2":{"start":{"line":36,"column":24},"end":{"line":36,"column":40}},"3":{"start":{"line":38,"column":20},"end":{"line":38,"column":32}},"4":{"start":{"line":46,"column":2},"end":{"line":52,"column":5}},"5":{"start":{"line":59,"column":2},"end":{"line":84,"column":3}},"6":{"start":{"line":60,"column":4},"end":{"line":67,"column":6}},"7":{"start":{"line":62,"column":21},"end":{"line":62,"column":40}},"8":{"start":{"line":63,"column":8},"end":{"line":63,"column":59}},"9":{"start":{"line":64,"column":8},"end":{"line":64,"column":53}},"10":{"start":{"line":65,"column":8},"end":{"line":65,"column":25}},"11":{"start":{"line":68,"column":4},"end":{"line":68,"column":20}},"12":{"start":{"line":69,"column":4},"end":{"line":69,"column":24}},"13":{"start":{"line":72,"column":25},"end":{"line":72,"column":38}},"14":{"start":{"line":73,"column":4},"end":{"line":80,"column":5}},"15":{"start":{"line":74,"column":6},"end":{"line":74,"column":32}},"16":{"start":{"line":75,"column":6},"end":{"line":75,"column":36}},"17":{"start":{"line":79,"column":6},"end":{"line":79,"column":32}},"18":{"start":{"line":82,"column":4},"end":{"line":82,"column":22}},"19":{"start":{"line":83,"column":4},"end":{"line":83,"column":24}},"20":{"start":{"line":86,"column":2},"end":{"line":86,"column":16}},"21":{"start":{"line":90,"column":25},"end":{"line":106,"column":1}},"22":{"start":{"line":93,"column":2},"end":{"line":103,"column":3}},"23":{"start":{"line":94,"column":16},"end":{"line":94,"column":65}},"24":{"start":{"line":95,"column":17},"end":{"line":95,"column":25}},"25":{"start":{"line":96,"column":4},"end":{"line":96,"column":38}},"26":{"start":{"line":97,"column":4},"end":{"line":97,"column":29}},"27":{"start":{"line":100,"column":4},"end":{"line":100,"column":27}},"28":{"start":{"line":101,"column":4},"end":{"line":101,"column":31}},"29":{"start":{"line":102,"column":4},"end":{"line":102,"column":34}},"30":{"start":{"line":105,"column":2},"end":{"line":105,"column":22}},"31":{"start":{"line":110,"column":15},"end":{"line":110,"column":31}},"32":{"start":{"line":111,"column":2},"end":{"line":111,"column":18}},"33":{"start":{"line":117,"column":2},"end":{"line":128,"column":3}},"34":{"start":{"line":118,"column":16},"end":{"line":118,"column":51}},"35":{"start":{"line":119,"column":4},"end":{"line":119,"column":27}},"36":{"start":{"line":120,"column":4},"end":{"line":120,"column":29}},"37":{"start":{"line":122,"column":4},"end":{"line":122,"column":33}},"38":{"start":{"line":123,"column":4},"end":{"line":127,"column":5}},"39":{"start":{"line":124,"column":6},"end":{"line":124,"column":80}},"40":{"start":{"line":126,"column":6},"end":{"line":126,"column":37}},"41":{"start":{"line":130,"column":2},"end":{"line":130,"column":22}},"42":{"start":{"line":135,"column":15},"end":{"line":135,"column":25}},"43":{"start":{"line":136,"column":2},"end":{"line":136,"column":14}},"44":{"start":{"line":141,"column":17},"end":{"line":141,"column":33}},"45":{"start":{"line":142,"column":2},"end":{"line":142,"column":22}},"46":{"start":{"line":143,"column":16},"end":{"line":143,"column":39}},"47":{"start":{"line":145,"column":2},"end":{"line":151,"column":5}},"48":{"start":{"line":146,"column":21},"end":{"line":148,"column":12}},"49":{"start":{"line":149,"column":4},"end":{"line":149,"column":26}},"50":{"start":{"line":150,"column":4},"end":{"line":150,"column":20}},"51":{"start":{"line":152,"column":2},"end":{"line":152,"column":14}},"52":{"start":{"line":155,"column":16},"end":{"line":155,"column":42}},"53":{"start":{"line":156,"column":2},"end":{"line":158,"column":5}},"54":{"start":{"line":157,"column":4},"end":{"line":157,"column":36}}},"fnMap":{"0":{"name":"createData","decl":{"start":{"line":45,"column":9},"end":{"line":45,"column":19}},"loc":{"start":{"line":45,"column":59},"end":{"line":53,"column":1}},"line":45},"1":{"name":"createUsers","decl":{"start":{"line":56,"column":16},"end":{"line":56,"column":27}},"loc":{"start":{"line":56,"column":68},"end":{"line":87,"column":1}},"line":56},"2":{"name":"(anonymous_2)","decl":{"start":{"line":61,"column":6},"end":{"line":61,"column":7}},"loc":{"start":{"line":61,"column":26},"end":{"line":66,"column":7}},"line":61},"3":{"name":"(anonymous_3)","decl":{"start":{"line":90,"column":25},"end":{"line":90,"column":26}},"loc":{"start":{"line":90,"column":46},"end":{"line":106,"column":1}},"line":90},"4":{"name":"getCurrentUser","decl":{"start":{"line":109,"column":9},"end":{"line":109,"column":23}},"loc":{"start":{"line":109,"column":26},"end":{"line":112,"column":1}},"line":109},"5":{"name":"resetPass","decl":{"start":{"line":115,"column":16},"end":{"line":115,"column":25}},"loc":{"start":{"line":115,"column":33},"end":{"line":131,"column":1}},"line":115},"6":{"name":"getUserinfo","decl":{"start":{"line":134,"column":16},"end":{"line":134,"column":27}},"loc":{"start":{"line":134,"column":30},"end":{"line":137,"column":1}},"line":134},"7":{"name":"readData","decl":{"start":{"line":140,"column":16},"end":{"line":140,"column":24}},"loc":{"start":{"line":140,"column":27},"end":{"line":153,"column":1}},"line":140},"8":{"name":"(anonymous_8)","decl":{"start":{"line":145,"column":17},"end":{"line":145,"column":18}},"loc":{"start":{"line":145,"column":35},"end":{"line":151,"column":3}},"line":145},"9":{"name":"getProducts","decl":{"start":{"line":154,"column":16},"end":{"line":154,"column":27}},"loc":{"start":{"line":154,"column":30},"end":{"line":159,"column":1}},"line":154},"10":{"name":"(anonymous_10)","decl":{"start":{"line":156,"column":17},"end":{"line":156,"column":18}},"loc":{"start":{"line":156,"column":35},"end":{"line":158,"column":3}},"line":156}},"branchMap":{"0":{"loc":{"start":{"line":73,"column":4},"end":{"line":80,"column":5}},"type":"if","locations":[{"start":{"line":73,"column":4},"end":{"line":80,"column":5}},{"start":{"line":73,"column":4},"end":{"line":80,"column":5}}],"line":73},"1":{"loc":{"start":{"line":123,"column":4},"end":{"line":127,"column":5}},"type":"if","locations":[{"start":{"line":123,"column":4},"end":{"line":127,"column":5}},{"start":{"line":123,"column":4},"end":{"line":127,"column":5}}],"line":123}},"s":{"0":3,"1":3,"2":3,"3":3,"4":0,"5":0,"6":0,"7":0,"8":0,"9":0,"10":0,"11":0,"12":0,"13":0,"14":0,"15":0,"16":0,"17":0,"18":0,"19":0,"20":0,"21":3,"22":0,"23":0,"24":0,"25":0,"26":0,"27":0,"28":0,"29":0,"30":0,"31":0,"32":0,"33":0,"34":0,"35":0,"36":0,"37":0,"38":0,"39":0,"40":0,"41":0,"42":0,"43":0,"44":0,"45":0,"46":0,"47":0,"48":0,"49":0,"50":0,"51":0,"52":0,"53":0,"54":0},"f":{"0":0,"1":0,"2":0,"3":0,"4":0,"5":0,"6":0,"7":0,"8":0,"9":0,"10":0},"b":{"0":[0,0],"1":[0,0]},"_coverageSchema":"332fd63041d2c1bcb487cc26dd0d5f7d97098a6c","hash":"f37db22faa1e07f463f0d335e1d5162383a9ee97"}
,"/home/singo/Documents/Software-Design-Project/decoded-shopper/src/components/states/StateProvider.js": {"path":"/home/singo/Documents/Software-Design-Project/decoded-shopper/src/components/states/StateProvider.js","statementMap":{"0":{"start":{"line":3,"column":28},"end":{"line":3,"column":43}},"1":{"start":{"line":5,"column":29},"end":{"line":9,"column":1}},"2":{"start":{"line":6,"column":2},"end":{"line":8,"column":26}},"3":{"start":{"line":11,"column":29},"end":{"line":11,"column":59}},"4":{"start":{"line":11,"column":35},"end":{"line":11,"column":59}}},"fnMap":{"0":{"name":"(anonymous_0)","decl":{"start":{"line":5,"column":29},"end":{"line":5,"column":30}},"loc":{"start":{"line":6,"column":2},"end":{"line":8,"column":26}},"line":6},"1":{"name":"(anonymous_1)","decl":{"start":{"line":11,"column":29},"end":{"line":11,"column":30}},"loc":{"start":{"line":11,"column":35},"end":{"line":11,"column":59}},"line":11}},"branchMap":{},"s":{"0":3,"1":3,"2":16,"3":3,"4":26},"f":{"0":16,"1":26},"b":{},"_coverageSchema":"332fd63041d2c1bcb487cc26dd0d5f7d97098a6c","hash":"ece42dc4c24a7f7150134b2c6997588a29a39571"}
,"/home/singo/Documents/Software-Design-Project/decoded-shopper/src/components/states/reducer.js": {"path":"/home/singo/Documents/Software-Design-Project/decoded-shopper/src/components/states/reducer.js","statementMap":{"0":{"start":{"line":1,"column":28},"end":{"line":3,"column":1}},"1":{"start":{"line":5,"column":34},"end":{"line":8,"column":7}},"2":{"start":{"line":6,"column":2},"end":{"line":8,"column":7}},"3":{"start":{"line":7,"column":40},"end":{"line":7,"column":59}},"4":{"start":{"line":10,"column":16},"end":{"line":30,"column":1}},"5":{"start":{"line":11,"column":2},"end":{"line":29,"column":3}},"6":{"start":{"line":13,"column":6},"end":{"line":16,"column":8}},"7":{"start":{"line":19,"column":20},"end":{"line":21,"column":7}},"8":{"start":{"line":20,"column":26},"end":{"line":20,"column":55}},"9":{"start":{"line":22,"column":24},"end":{"line":22,"column":43}},"10":{"start":{"line":23,"column":6},"end":{"line":25,"column":7}},"11":{"start":{"line":24,"column":8},"end":{"line":24,"column":37}},"12":{"start":{"line":26,"column":6},"end":{"line":26,"column":49}},"13":{"start":{"line":28,"column":6},"end":{"line":28,"column":19}}},"fnMap":{"0":{"name":"(anonymous_0)","decl":{"start":{"line":5,"column":34},"end":{"line":5,"column":35}},"loc":{"start":{"line":6,"column":2},"end":{"line":8,"column":7}},"line":6},"1":{"name":"(anonymous_1)","decl":{"start":{"line":7,"column":22},"end":{"line":7,"column":23}},"loc":{"start":{"line":7,"column":40},"end":{"line":7,"column":59}},"line":7},"2":{"name":"(anonymous_2)","decl":{"start":{"line":10,"column":16},"end":{"line":10,"column":17}},"loc":{"start":{"line":10,"column":35},"end":{"line":30,"column":1}},"line":10},"3":{"name":"(anonymous_3)","decl":{"start":{"line":20,"column":8},"end":{"line":20,"column":9}},"loc":{"start":{"line":20,"column":26},"end":{"line":20,"column":55}},"line":20}},"branchMap":{"0":{"loc":{"start":{"line":6,"column":2},"end":{"line":8,"column":7}},"type":"cond-expr","locations":[{"start":{"line":7,"column":6},"end":{"line":7,"column":63}},{"start":{"line":8,"column":6},"end":{"line":8,"column":7}}],"line":6},"1":{"loc":{"start":{"line":11,"column":2},"end":{"line":29,"column":3}},"type":"switch","locations":[{"start":{"line":12,"column":4},"end":{"line":16,"column":8}},{"start":{"line":18,"column":4},"end":{"line":26,"column":49}},{"start":{"line":27,"column":4},"end":{"line":28,"column":19}}],"line":11},"2":{"loc":{"start":{"line":23,"column":6},"end":{"line":25,"column":7}},"type":"if","locations":[{"start":{"line":23,"column":6},"end":{"line":25,"column":7}},{"start":{"line":23,"column":6},"end":{"line":25,"column":7}}],"line":23}},"s":{"0":3,"1":3,"2":14,"3":4,"4":3,"5":6,"6":4,"7":2,"8":2,"9":2,"10":2,"11":2,"12":2,"13":0},"f":{"0":14,"1":4,"2":6,"3":2},"b":{"0":[4,10],"1":[4,2,0],"2":[2,0]},"_coverageSchema":"332fd63041d2c1bcb487cc26dd0d5f7d97098a6c","hash":"d1402a24f257de8a18e222211923dc60292232bc"}
,"/home/singo/Documents/Software-Design-Project/decoded-shopper/src/context/AuthProvider.js": {"path":"/home/singo/Documents/Software-Design-Project/decoded-shopper/src/context/AuthProvider.js","statementMap":{"0":{"start":{"line":6,"column":27},"end":{"line":6,"column":42}},"1":{"start":{"line":8,"column":28},"end":{"line":37,"column":1}},"2":{"start":{"line":9,"column":40},"end":{"line":9,"column":54}},"3":{"start":{"line":12,"column":4},"end":{"line":12,"column":61}},"4":{"start":{"line":16,"column":4},"end":{"line":16,"column":26}},"5":{"start":{"line":18,"column":2},"end":{"line":29,"column":5}},"6":{"start":{"line":19,"column":4},"end":{"line":28,"column":7}},"7":{"start":{"line":20,"column":6},"end":{"line":27,"column":7}},"8":{"start":{"line":22,"column":8},"end":{"line":22,"column":36}},"9":{"start":{"line":25,"column":8},"end":{"line":25,"column":29}},"10":{"start":{"line":30,"column":17},"end":{"line":34,"column":3}},"11":{"start":{"line":36,"column":2},"end":{"line":36,"column":80}},"12":{"start":{"line":41,"column":30},"end":{"line":41,"column":65}},"13":{"start":{"line":41,"column":36},"end":{"line":41,"column":65}}},"fnMap":{"0":{"name":"(anonymous_0)","decl":{"start":{"line":8,"column":28},"end":{"line":8,"column":29}},"loc":{"start":{"line":8,"column":46},"end":{"line":37,"column":1}},"line":8},"1":{"name":"login","decl":{"start":{"line":11,"column":11},"end":{"line":11,"column":16}},"loc":{"start":{"line":11,"column":34},"end":{"line":13,"column":3}},"line":11},"2":{"name":"logout","decl":{"start":{"line":14,"column":11},"end":{"line":14,"column":17}},"loc":{"start":{"line":14,"column":20},"end":{"line":17,"column":3}},"line":14},"3":{"name":"(anonymous_3)","decl":{"start":{"line":18,"column":12},"end":{"line":18,"column":13}},"loc":{"start":{"line":18,"column":18},"end":{"line":29,"column":3}},"line":18},"4":{"name":"(anonymous_4)","decl":{"start":{"line":19,"column":29},"end":{"line":19,"column":30}},"loc":{"start":{"line":19,"column":46},"end":{"line":28,"column":5}},"line":19},"5":{"name":"(anonymous_5)","decl":{"start":{"line":41,"column":30},"end":{"line":41,"column":31}},"loc":{"start":{"line":41,"column":36},"end":{"line":41,"column":65}},"line":41}},"branchMap":{"0":{"loc":{"start":{"line":20,"column":6},"end":{"line":27,"column":7}},"type":"if","locations":[{"start":{"line":20,"column":6},"end":{"line":27,"column":7}},{"start":{"line":20,"column":6},"end":{"line":27,"column":7}}],"line":20}},"s":{"0":3,"1":3,"2":8,"3":0,"4":0,"5":8,"6":8,"7":8,"8":0,"9":8,"10":8,"11":8,"12":3,"13":31},"f":{"0":8,"1":0,"2":0,"3":8,"4":8,"5":31},"b":{"0":[0,8]},"_coverageSchema":"332fd63041d2c1bcb487cc26dd0d5f7d97098a6c","hash":"576503f0707161b4a1009012d0ef94434f2c685b"}
}
