TN:
SF:/home/singo/Documents/Software-Design-Project/decoded-shopper/src/App.js
FN:20,App
FNF:1
FNH:0
FNDA:0,App
DA:21,0
LF:1
LH:0
BRF:0
BRH:0
end_of_record
TN:
SF:/home/singo/Documents/Software-Design-Project/decoded-shopper/src/index.js
FNF:0
FNH:0
DA:1,0
DA:2,0
DA:3,0
DA:4,0
DA:5,0
DA:6,0
DA:8,0
DA:9,0
LF:8
LH:0
BRF:0
BRH:0
end_of_record
TN:
SF:/home/singo/Documents/Software-Design-Project/decoded-shopper/src/reportWebVitals.js
FN:1,(anonymous_3)
FN:3,(anonymous_4)
FN:3,(anonymous_5)
FNF:3
FNH:0
FNDA:0,(anonymous_3)
FNDA:0,(anonymous_4)
FNDA:0,(anonymous_5)
DA:1,0
DA:2,0
DA:3,0
DA:4,0
DA:5,0
DA:6,0
DA:7,0
DA:8,0
LF:8
LH:0
BRDA:2,0,0,0
BRDA:2,0,1,0
BRDA:2,1,0,0
BRDA:2,1,1,0
BRF:4
BRH:0
end_of_record
TN:
SF:/home/singo/Documents/Software-Design-Project/decoded-shopper/src/setupTests.js
FNF:0
FNH:0
LF:0
LH:0
BRF:0
BRH:0
end_of_record
TN:
SF:/home/singo/Documents/Software-Design-Project/decoded-shopper/src/api/axios.js
FNF:0
FNH:0
DA:1,0
LF:1
LH:0
BRF:0
BRH:0
end_of_record
TN:
SF:/home/singo/Documents/Software-Design-Project/decoded-shopper/src/components/Footer.js
FN:6,(anonymous_0)
FNF:1
FNH:1
FNDA:1,(anonymous_0)
DA:6,1
DA:7,1
LF:2
LH:2
BRF:0
BRH:0
end_of_record
TN:
SF:/home/singo/Documents/Software-Design-Project/decoded-shopper/src/components/Login.js
FN:8,(anonymous_0)
FN:30,(anonymous_1)
FN:34,(anonymous_2)
FN:37,(anonymous_3)
FN:41,(anonymous_4)
FN:45,(anonymous_5)
FN:48,(anonymous_6)
FN:79,(anonymous_7)
FN:84,(anonymous_8)
FN:85,(anonymous_9)
FN:105,(anonymous_10)
FN:110,(anonymous_11)
FN:111,(anonymous_12)
FNF:13
FNH:6
FNDA:31,(anonymous_0)
FNDA:1,(anonymous_1)
FNDA:16,(anonymous_2)
FNDA:1,(anonymous_3)
FNDA:16,(anonymous_4)
FNDA:0,(anonymous_5)
FNDA:0,(anonymous_6)
FNDA:15,(anonymous_7)
FNDA:0,(anonymous_8)
FNDA:0,(anonymous_9)
FNDA:0,(anonymous_10)
FNDA:0,(anonymous_11)
FNDA:0,(anonymous_12)
DA:8,1
DA:9,31
DA:11,31
DA:12,31
DA:14,31
DA:16,31
DA:17,31
DA:19,31
DA:20,31
DA:21,31
DA:23,31
DA:24,31
DA:25,31
DA:27,31
DA:28,31
DA:30,31
DA:31,1
DA:34,31
DA:35,16
DA:37,31
DA:38,1
DA:41,31
DA:42,16
DA:45,31
DA:46,0
DA:48,0
DA:49,0
DA:54,31
DA:79,15
DA:84,0
DA:85,0
DA:105,0
DA:110,0
DA:111,0
LF:34
LH:26
BRDA:56,0,0,0
BRDA:56,0,1,31
BRDA:65,1,0,0
BRDA:65,1,1,31
BRDA:82,2,0,15
BRDA:82,2,1,16
BRDA:90,3,0,0
BRDA:90,3,1,31
BRDA:90,4,0,31
BRDA:90,4,1,0
BRDA:90,4,2,0
BRDA:108,5,0,0
BRDA:108,5,1,31
BRDA:115,6,0,0
BRDA:115,6,1,31
BRDA:115,7,0,31
BRDA:115,7,1,0
BRDA:135,8,0,31
BRDA:135,8,1,15
BRF:19
BRH:11
end_of_record
TN:
SF:/home/singo/Documents/Software-Design-Project/decoded-shopper/src/components/Navbar.js
FN:7,Navbar
FN:24,CustomLink
FNF:2
FNH:2
FNDA:2,Navbar
FNDA:9,CustomLink
DA:9,2
DA:26,9
DA:27,9
DA:29,9
LF:4
LH:4
BRDA:30,0,0,0
BRDA:30,0,1,9
BRF:2
BRH:1
end_of_record
TN:
SF:/home/singo/Documents/Software-Design-Project/decoded-shopper/src/components/ProductCard.js
FN:20,(anonymous_0)
FN:32,(anonymous_1)
FN:42,(anonymous_2)
FN:97,(anonymous_3)
FNF:4
FNH:4
FNDA:12,(anonymous_0)
FNDA:4,(anonymous_1)
FNDA:4,(anonymous_2)
FNDA:4,(anonymous_3)
DA:12,3
DA:20,3
DA:22,12
DA:23,12
DA:24,12
DA:25,12
DA:26,12
DA:28,12
DA:29,12
DA:32,12
DA:34,4
DA:42,12
DA:43,4
DA:71,12
DA:99,4
LF:15
LH:15
BRDA:75,0,0,0
BRDA:75,0,1,12
BRDA:78,1,0,0
BRDA:78,1,1,12
BRF:4
BRH:2
end_of_record
TN:
SF:/home/singo/Documents/Software-Design-Project/decoded-shopper/src/components/Products.js
FN:10,(anonymous_0)
FN:33,(anonymous_1)
FN:46,(anonymous_2)
FN:71,(anonymous_3)
FN:85,(anonymous_4)
FN:91,(anonymous_5)
FN:108,(anonymous_6)
FN:116,(anonymous_7)
FN:125,(anonymous_8)
FNF:9
FNH:2
FNDA:14,(anonymous_0)
FNDA:7,(anonymous_1)
FNDA:0,(anonymous_2)
FNDA:0,(anonymous_3)
FNDA:0,(anonymous_4)
FNDA:0,(anonymous_5)
FNDA:0,(anonymous_6)
FNDA:0,(anonymous_7)
FNDA:0,(anonymous_8)
DA:10,2
DA:11,14
DA:12,14
DA:13,14
DA:14,14
DA:16,14
DA:22,14
DA:24,14
DA:33,14
DA:35,7
DA:46,7
DA:47,0
DA:49,7
DA:51,14
DA:72,0
DA:86,0
DA:87,0
DA:92,0
DA:109,0
DA:110,0
DA:111,0
DA:112,0
DA:117,0
DA:118,0
DA:119,0
DA:122,0
DA:126,0
LF:27
LH:13
BRDA:86,0,0,0
BRDA:86,0,1,0
BRDA:109,1,0,0
BRDA:109,1,1,0
BRDA:111,2,0,0
BRDA:111,2,1,0
BRDA:117,3,0,0
BRDA:117,3,1,0
BRDA:119,4,0,0
BRDA:119,4,1,0
BRF:10
BRH:0
end_of_record
TN:
SF:/home/singo/Documents/Software-Design-Project/decoded-shopper/src/components/ProfilePage.js
FN:9,(anonymous_0)
FN:20,(anonymous_1)
FN:46,(anonymous_2)
FN:47,(anonymous_3)
FNF:4
FNH:1
FNDA:1,(anonymous_0)
FNDA:0,(anonymous_1)
FNDA:0,(anonymous_2)
FNDA:0,(anonymous_3)
DA:9,1
DA:10,1
DA:11,1
DA:12,1
DA:14,1
DA:15,1
DA:18,0
DA:19,0
DA:20,0
DA:21,0
DA:24,0
DA:27,0
DA:47,0
DA:48,0
LF:14
LH:6
BRDA:14,0,0,1
BRDA:14,0,1,0
BRDA:18,1,0,0
BRDA:18,1,1,0
BRDA:34,2,0,0
BRDA:34,2,1,0
BRF:6
BRH:1
end_of_record
TN:
SF:/home/singo/Documents/Software-Design-Project/decoded-shopper/src/components/Register.js
FN:20,(anonymous_0)
FN:53,(anonymous_1)
FN:58,(anonymous_2)
FN:63,(anonymous_3)
FN:69,(anonymous_4)
FN:74,(anonymous_5)
FN:79,(anonymous_6)
FN:84,(anonymous_7)
FN:88,(anonymous_8)
FN:154,(anonymous_9)
FN:159,(anonymous_10)
FN:160,(anonymous_11)
FN:191,(anonymous_12)
FN:196,(anonymous_13)
FN:197,(anonymous_14)
FN:229,(anonymous_15)
FN:234,(anonymous_16)
FN:235,(anonymous_17)
FN:269,(anonymous_18)
FN:274,(anonymous_19)
FN:275,(anonymous_20)
FN:306,(anonymous_21)
FN:311,(anonymous_22)
FN:312,(anonymous_23)
FN:348,(anonymous_24)
FN:353,(anonymous_25)
FN:354,(anonymous_26)
FNF:27
FNH:11
FNDA:70,(anonymous_0)
FNDA:4,(anonymous_1)
FNDA:9,(anonymous_2)
FNDA:4,(anonymous_3)
FNDA:20,(anonymous_4)
FNDA:14,(anonymous_5)
FNDA:4,(anonymous_6)
FNDA:35,(anonymous_7)
FNDA:0,(anonymous_8)
FNDA:5,(anonymous_9)
FNDA:0,(anonymous_10)
FNDA:0,(anonymous_11)
FNDA:16,(anonymous_12)
FNDA:0,(anonymous_13)
FNDA:0,(anonymous_14)
FNDA:10,(anonymous_15)
FNDA:0,(anonymous_16)
FNDA:0,(anonymous_17)
FNDA:0,(anonymous_18)
FNDA:0,(anonymous_19)
FNDA:0,(anonymous_20)
FNDA:0,(anonymous_21)
FNDA:0,(anonymous_22)
FNDA:0,(anonymous_23)
FNDA:0,(anonymous_24)
FNDA:0,(anonymous_25)
FNDA:0,(anonymous_26)
DA:13,1
DA:14,1
DA:15,1
DA:17,1
DA:18,1
DA:20,1
DA:21,70
DA:22,70
DA:23,70
DA:25,70
DA:26,70
DA:27,70
DA:29,70
DA:30,70
DA:31,70
DA:33,70
DA:34,70
DA:35,70
DA:37,70
DA:38,70
DA:39,70
DA:41,70
DA:42,70
DA:43,70
DA:45,70
DA:46,70
DA:47,70
DA:49,70
DA:50,70
DA:53,70
DA:54,4
DA:58,70
DA:59,9
DA:63,70
DA:64,4
DA:65,4
DA:69,70
DA:70,20
DA:74,70
DA:75,14
DA:79,70
DA:80,4
DA:84,70
DA:85,35
DA:88,70
DA:89,0
DA:91,0
DA:92,0
DA:94,0
DA:95,0
DA:97,0
DA:99,0
DA:100,0
DA:101,0
DA:104,0
DA:107,0
DA:108,0
DA:112,0
DA:117,70
DA:154,5
DA:159,0
DA:160,0
DA:191,16
DA:196,0
DA:197,0
DA:229,10
DA:234,0
DA:235,0
DA:269,0
DA:274,0
DA:275,0
DA:306,0
DA:311,0
DA:312,0
DA:348,0
DA:353,0
DA:354,0
LF:77
LH:49
BRDA:99,0,0,0
BRDA:99,0,1,0
BRDA:99,1,0,0
BRDA:99,1,1,0
BRDA:99,1,2,0
BRDA:99,1,3,0
BRDA:99,1,4,0
BRDA:107,2,0,0
BRDA:107,2,1,0
BRDA:119,3,0,0
BRDA:119,3,1,70
BRDA:128,4,0,0
BRDA:128,4,1,70
BRDA:141,5,0,0
BRDA:141,5,1,70
BRDA:145,6,0,60
BRDA:145,6,1,10
BRDA:145,7,0,70
BRDA:145,7,1,70
BRDA:157,8,0,0
BRDA:157,8,1,70
BRDA:166,9,0,0
BRDA:166,9,1,70
BRDA:166,10,0,70
BRDA:166,10,1,0
BRDA:166,10,2,0
BRDA:179,11,0,15
BRDA:179,11,1,55
BRDA:183,12,0,53
BRDA:183,12,1,17
BRDA:183,13,0,70
BRDA:183,13,1,55
BRDA:194,14,0,15
BRDA:194,14,1,55
BRDA:203,15,0,0
BRDA:203,15,1,70
BRDA:203,16,0,70
BRDA:203,16,1,0
BRDA:203,16,2,0
BRDA:217,17,0,1
BRDA:217,17,1,69
BRDA:221,18,0,51
BRDA:221,18,1,19
BRDA:221,19,0,70
BRDA:221,19,1,69
BRDA:232,20,0,1
BRDA:232,20,1,69
BRDA:241,21,0,0
BRDA:241,21,1,70
BRDA:241,22,0,70
BRDA:241,22,1,0
BRDA:241,22,2,0
BRDA:257,23,0,0
BRDA:257,23,1,70
BRDA:261,24,0,70
BRDA:261,24,1,0
BRDA:261,25,0,70
BRDA:261,25,1,70
BRDA:272,26,0,0
BRDA:272,26,1,70
BRDA:281,27,0,0
BRDA:281,27,1,70
BRDA:281,28,0,70
BRDA:281,28,1,0
BRDA:281,28,2,0
BRDA:295,29,0,0
BRDA:295,29,1,70
BRDA:299,30,0,70
BRDA:299,30,1,0
BRDA:299,31,0,70
BRDA:299,31,1,70
BRDA:309,32,0,0
BRDA:309,32,1,70
BRDA:317,33,0,0
BRDA:317,33,1,70
BRDA:317,34,0,70
BRDA:317,34,1,0
BRDA:337,35,0,0
BRDA:337,35,1,70
BRDA:337,36,0,70
BRDA:337,36,1,66
BRDA:341,37,0,70
BRDA:341,37,1,0
BRDA:341,38,0,70
BRDA:341,38,1,4
BRDA:351,39,0,66
BRDA:351,39,1,4
BRDA:360,40,0,0
BRDA:360,40,1,70
BRDA:360,41,0,70
BRDA:360,41,1,0
BRDA:370,42,0,70
BRDA:370,42,1,0
BRDA:370,43,0,70
BRDA:370,43,1,0
BRDA:370,43,2,0
BRDA:370,43,3,0
BRDA:370,43,4,0
BRDA:370,43,5,0
BRF:99
BRH:56
end_of_record
TN:
SF:/home/singo/Documents/Software-Design-Project/decoded-shopper/src/components/WishList.js
FN:10,(anonymous_0)
FN:37,(anonymous_1)
FN:69,(anonymous_2)
FN:88,(anonymous_3)
FN:103,(anonymous_4)
FN:104,(anonymous_5)
FNF:6
FNH:6
FNDA:14,(anonymous_0)
FNDA:2,(anonymous_1)
FNDA:4,(anonymous_2)
FNDA:1,(anonymous_3)
FNDA:1,(anonymous_4)
FNDA:1,(anonymous_5)
DA:10,3
DA:19,14
DA:20,14
DA:26,14
DA:37,14
DA:38,2
DA:56,14
DA:70,4
DA:88,1
DA:104,1
DA:105,1
LF:11
LH:11
BRDA:65,0,0,4
BRDA:65,0,1,10
BRDA:80,1,0,0
BRDA:80,1,1,4
BRDA:83,2,0,0
BRDA:83,2,1,4
BRF:6
BRH:4
end_of_record
TN:
SF:/home/singo/Documents/Software-Design-Project/decoded-shopper/src/components/init-firebase.js
FN:45,createData
FN:56,createUsers
FN:61,(anonymous_2)
FN:90,(anonymous_3)
FN:109,getCurrentUser
FN:115,resetPass
FN:134,getUserinfo
FN:140,readData
FN:145,(anonymous_8)
FN:154,getProducts
FN:156,(anonymous_10)
FNF:11
FNH:0
FNDA:0,createData
FNDA:0,createUsers
FNDA:0,(anonymous_2)
FNDA:0,(anonymous_3)
FNDA:0,getCurrentUser
FNDA:0,resetPass
FNDA:0,getUserinfo
FNDA:0,readData
FNDA:0,(anonymous_8)
FNDA:0,getProducts
FNDA:0,(anonymous_10)
DA:21,3
DA:33,3
DA:36,3
DA:38,3
DA:46,0
DA:59,0
DA:60,0
DA:62,0
DA:63,0
DA:64,0
DA:65,0
DA:68,0
DA:69,0
DA:72,0
DA:73,0
DA:74,0
DA:75,0
DA:79,0
DA:82,0
DA:83,0
DA:86,0
DA:90,3
DA:93,0
DA:94,0
DA:95,0
DA:96,0
DA:97,0
DA:100,0
DA:101,0
DA:102,0
DA:105,0
DA:110,0
DA:111,0
DA:117,0
DA:118,0
DA:119,0
DA:120,0
DA:122,0
DA:123,0
DA:124,0
DA:126,0
DA:130,0
DA:135,0
DA:136,0
DA:141,0
DA:142,0
DA:143,0
DA:145,0
DA:146,0
DA:149,0
DA:150,0
DA:152,0
DA:155,0
DA:156,0
DA:157,0
LF:55
LH:5
BRDA:73,0,0,0
BRDA:73,0,1,0
BRDA:123,1,0,0
BRDA:123,1,1,0
BRF:4
BRH:0
end_of_record
TN:
SF:/home/singo/Documents/Software-Design-Project/decoded-shopper/src/components/states/StateProvider.js
FN:5,(anonymous_0)
FN:11,(anonymous_1)
FNF:2
FNH:2
FNDA:16,(anonymous_0)
FNDA:26,(anonymous_1)
DA:3,3
DA:5,3
DA:6,16
DA:11,26
LF:4
LH:4
BRF:0
BRH:0
end_of_record
TN:
SF:/home/singo/Documents/Software-Design-Project/decoded-shopper/src/components/states/reducer.js
FN:5,(anonymous_0)
FN:7,(anonymous_1)
FN:10,(anonymous_2)
FN:20,(anonymous_3)
FNF:4
FNH:4
FNDA:14,(anonymous_0)
FNDA:4,(anonymous_1)
FNDA:6,(anonymous_2)
FNDA:2,(anonymous_3)
DA:1,3
DA:5,3
DA:6,14
DA:7,4
DA:10,3
DA:11,6
DA:13,4
DA:19,2
DA:20,2
DA:22,2
DA:23,2
DA:24,2
DA:26,2
DA:28,0
LF:14
LH:13
BRDA:6,0,0,4
BRDA:6,0,1,10
BRDA:11,1,0,4
BRDA:11,1,1,2
BRDA:11,1,2,0
BRDA:23,2,0,2
BRDA:23,2,1,0
BRF:7
BRH:5
end_of_record
TN:
SF:/home/singo/Documents/Software-Design-Project/decoded-shopper/src/context/AuthProvider.js
FN:8,(anonymous_0)
FN:11,login
FN:14,logout
FN:18,(anonymous_3)
FN:19,(anonymous_4)
FN:41,(anonymous_5)
FNF:6
FNH:4
FNDA:8,(anonymous_0)
FNDA:0,login
FNDA:0,logout
FNDA:8,(anonymous_3)
FNDA:8,(anonymous_4)
FNDA:31,(anonymous_5)
DA:6,3
DA:8,3
DA:9,8
DA:12,0
DA:16,0
DA:18,8
DA:19,8
DA:20,8
DA:22,0
DA:25,8
DA:30,8
DA:36,8
DA:41,31
LF:13
LH:10
BRDA:20,0,0,0
BRDA:20,0,1,8
BRF:2
BRH:1
end_of_record
